::1 - - [18/May/2025:20:42:34 +0000] "GET / HTTP/1.1" 304 -
::1 - - [18/May/2025:20:42:43 +0000] "GET /profile HTTP/1.1" 500 1116
::1 - - [18/May/2025:20:42:52 +0000] "GET /table HTTP/1.1" 304 -
::1 - - [18/May/2025:20:42:54 +0000] "GET /input HTTP/1.1" 304 -
::1 - - [18/May/2025:20:42:57 +0000] "POST /inputData HTTP/1.1" 200 1480
2025-05-18T20:54:26.858Z [ERROR 500] C:\Media\Study\Web\laboratory_work\19_lab\with_express\views\profile.ejs:3
    1| <%- include('partials/header', { pageTitle: "Профиль"}) %>
    2|     <main>
 >> 3|         Добро пожаловать, <%= user %>!
    4|     </main>
    5|     <form method="POST" action="/logout">  
    6|         <button type="submit">Выйти</button>

user is not defined
ReferenceError: C:\Media\Study\Web\laboratory_work\19_lab\with_express\views\profile.ejs:3
    1| <%- include('partials/header', { pageTitle: "Профиль"}) %>
    2|     <main>
 >> 3|         Добро пожаловать, <%= user %>!
    4|     </main>
    5|     <form method="POST" action="/logout">  
    6|         <button type="submit">Выйти</button>

user is not defined
    at eval ("C:\\Media\\Study\\Web\\laboratory_work\\19_lab\\with_express\\views\\profile.ejs":13:26)
    at profile (C:\Media\Study\Web\laboratory_work\19_lab\with_express\node_modules\ejs\lib\ejs.js:703:17)
    at tryHandleCache (C:\Media\Study\Web\laboratory_work\19_lab\with_express\node_modules\ejs\lib\ejs.js:274:36)
    at exports.renderFile [as engine] (C:\Media\Study\Web\laboratory_work\19_lab\with_express\node_modules\ejs\lib\ejs.js:491:10)
    at View.render (C:\Media\Study\Web\laboratory_work\19_lab\with_express\node_modules\express\lib\view.js:139:8)
    at tryRender (C:\Media\Study\Web\laboratory_work\19_lab\with_express\node_modules\express\lib\application.js:627:10)
    at Function.render (C:\Media\Study\Web\laboratory_work\19_lab\with_express\node_modules\express\lib\application.js:574:3)
    at ServerResponse.render (C:\Media\Study\Web\laboratory_work\19_lab\with_express\node_modules\express\lib\response.js:909:7)
    at file:///C:/Media/Study/Web/laboratory_work/19_lab/with_express/server.js:83:7
    at Layer.handleRequest (C:\Media\Study\Web\laboratory_work\19_lab\with_express\node_modules\router\lib\layer.js:152:17)
::1 - - [18/May/2025:20:54:26 +0000] "GET /profile HTTP/1.1" 500 1116
::1 - - [18/May/2025:20:54:49 +0000] "GET /profile HTTP/1.1" 500 1116
2025-05-18T20:54:59.371Z [ERROR 500] C:\Media\Study\Web\laboratory_work\19_lab\with_express\views\profile.ejs:3
    1| <%- include('partials/header', { pageTitle: "Профиль"}) %>
    2|     <main>
 >> 3|         Добро пожаловать, <%= user %>!
    4|     </main>
    5|     <form method="POST" action="/logout">  
    6|         <button type="submit">Выйти</button>

user is not defined
ReferenceError: C:\Media\Study\Web\laboratory_work\19_lab\with_express\views\profile.ejs:3
    1| <%- include('partials/header', { pageTitle: "Профиль"}) %>
    2|     <main>
 >> 3|         Добро пожаловать, <%= user %>!
    4|     </main>
    5|     <form method="POST" action="/logout">  
    6|         <button type="submit">Выйти</button>

user is not defined
    at eval ("C:\\Media\\Study\\Web\\laboratory_work\\19_lab\\with_express\\views\\profile.ejs":13:26)
    at profile (C:\Media\Study\Web\laboratory_work\19_lab\with_express\node_modules\ejs\lib\ejs.js:703:17)
    at tryHandleCache (C:\Media\Study\Web\laboratory_work\19_lab\with_express\node_modules\ejs\lib\ejs.js:274:36)
    at exports.renderFile [as engine] (C:\Media\Study\Web\laboratory_work\19_lab\with_express\node_modules\ejs\lib\ejs.js:491:10)
    at View.render (C:\Media\Study\Web\laboratory_work\19_lab\with_express\node_modules\express\lib\view.js:139:8)
    at tryRender (C:\Media\Study\Web\laboratory_work\19_lab\with_express\node_modules\express\lib\application.js:627:10)
    at Function.render (C:\Media\Study\Web\laboratory_work\19_lab\with_express\node_modules\express\lib\application.js:574:3)
    at ServerResponse.render (C:\Media\Study\Web\laboratory_work\19_lab\with_express\node_modules\express\lib\response.js:909:7)
    at file:///C:/Media/Study/Web/laboratory_work/19_lab/with_express/server.js:83:7
    at Layer.handleRequest (C:\Media\Study\Web\laboratory_work\19_lab\with_express\node_modules\router\lib\layer.js:152:17)
::1 - - [18/May/2025:20:54:59 +0000] "GET /profile HTTP/1.1" 500 1116
::1 - - [18/May/2025:21:00:00 +0000] "GET /input HTTP/1.1" 304 -
2025-05-18T21:00:02.717Z [ERROR 400] Отсутствуют данные формы
Error: Отсутствуют данные формы
    at file:///C:/Media/Study/Web/laboratory_work/19_lab/with_express/server.js:92:17
    at Layer.handleRequest (C:\Media\Study\Web\laboratory_work\19_lab\with_express\node_modules\router\lib\layer.js:152:17)
    at next (C:\Media\Study\Web\laboratory_work\19_lab\with_express\node_modules\router\lib\route.js:157:13)
    at Route.dispatch (C:\Media\Study\Web\laboratory_work\19_lab\with_express\node_modules\router\lib\route.js:117:3)
    at handle (C:\Media\Study\Web\laboratory_work\19_lab\with_express\node_modules\router\index.js:435:11)
    at Layer.handleRequest (C:\Media\Study\Web\laboratory_work\19_lab\with_express\node_modules\router\lib\layer.js:152:17)
    at C:\Media\Study\Web\laboratory_work\19_lab\with_express\node_modules\router\index.js:295:15
    at processParams (C:\Media\Study\Web\laboratory_work\19_lab\with_express\node_modules\router\index.js:582:12)
    at next (C:\Media\Study\Web\laboratory_work\19_lab\with_express\node_modules\router\index.js:291:5)
    at logger (C:\Media\Study\Web\laboratory_work\19_lab\with_express\node_modules\morgan\index.js:144:5)
::1 - - [18/May/2025:21:00:02 +0000] "POST /inputData HTTP/1.1" 400 1178
::1 - - [18/May/2025:21:01:21 +0000] "GET /login HTTP/1.1" 304 -
::1 - - [18/May/2025:21:01:23 +0000] "GET /input HTTP/1.1" 304 -
::1 - - [18/May/2025:21:01:25 +0000] "POST /inputData HTTP/1.1" 200 1480
::1 - - [18/May/2025:21:05:38 +0000] "POST /inputData HTTP/1.1" 200 1480
::1 - - [18/May/2025:21:42:40 +0000] "GET /login HTTP/1.1" 304 -
::1 - - [18/May/2025:21:42:43 +0000] "POST /login HTTP/1.1" 404 1158
::1 - - [18/May/2025:21:44:01 +0000] "POST /login HTTP/1.1" 404 145
::1 - - [18/May/2025:21:44:19 +0000] "GET /.well-known/appspecific/com.chrome.devtools.json HTTP/1.1" 404 187
::1 - - [18/May/2025:21:44:23 +0000] "POST /login HTTP/1.1" 404 145
::1 - - [18/May/2025:21:44:23 +0000] "GET /.well-known/appspecific/com.chrome.devtools.json HTTP/1.1" 404 187
::1 - - [18/May/2025:21:44:25 +0000] "POST /login HTTP/1.1" 404 145
::1 - - [18/May/2025:21:44:25 +0000] "GET /.well-known/appspecific/com.chrome.devtools.json HTTP/1.1" 404 187
::1 - - [18/May/2025:21:44:25 +0000] "POST /login HTTP/1.1" 404 145
::1 - - [18/May/2025:21:44:26 +0000] "GET /.well-known/appspecific/com.chrome.devtools.json HTTP/1.1" 404 187
::1 - - [18/May/2025:21:44:26 +0000] "POST /login HTTP/1.1" 404 145
::1 - - [18/May/2025:21:44:26 +0000] "GET /.well-known/appspecific/com.chrome.devtools.json HTTP/1.1" 404 187
::1 - - [18/May/2025:21:44:27 +0000] "POST /login HTTP/1.1" 404 145
::1 - - [18/May/2025:21:44:27 +0000] "GET /.well-known/appspecific/com.chrome.devtools.json HTTP/1.1" 404 187
::1 - - [18/May/2025:21:44:27 +0000] "POST /login HTTP/1.1" 404 145
::1 - - [18/May/2025:21:44:27 +0000] "GET /.well-known/appspecific/com.chrome.devtools.json HTTP/1.1" 404 187
::1 - - [18/May/2025:21:44:27 +0000] "POST /login HTTP/1.1" 404 145
::1 - - [18/May/2025:21:44:27 +0000] "GET /.well-known/appspecific/com.chrome.devtools.json HTTP/1.1" 404 187
::1 - - [18/May/2025:21:44:28 +0000] "POST /login HTTP/1.1" 404 145
::1 - - [18/May/2025:21:44:28 +0000] "GET /.well-known/appspecific/com.chrome.devtools.json HTTP/1.1" 404 187
::1 - - [18/May/2025:21:44:40 +0000] "GET /.well-known/appspecific/com.chrome.devtools.json HTTP/1.1" 404 187
2025-05-18T21:44:53.052Z [ERROR 500] err is not defined
ReferenceError: err is not defined
    at file:///C:/Media/Study/Web/laboratory_work/19_lab/with_express/server.js:146:14
    at Layer.handleRequest (C:\Media\Study\Web\laboratory_work\19_lab\with_express\node_modules\router\lib\layer.js:152:17)
    at trimPrefix (C:\Media\Study\Web\laboratory_work\19_lab\with_express\node_modules\router\index.js:342:13)
    at C:\Media\Study\Web\laboratory_work\19_lab\with_express\node_modules\router\index.js:297:9
    at processParams (C:\Media\Study\Web\laboratory_work\19_lab\with_express\node_modules\router\index.js:582:12)
    at next (C:\Media\Study\Web\laboratory_work\19_lab\with_express\node_modules\router\index.js:291:5)
    at strategy.pass (C:\Media\Study\Web\laboratory_work\19_lab\with_express\node_modules\passport\lib\middleware\authenticate.js:355:9)
    at SessionStrategy.authenticate (C:\Media\Study\Web\laboratory_work\19_lab\with_express\node_modules\passport\lib\strategies\session.js:126:10)
    at attempt (C:\Media\Study\Web\laboratory_work\19_lab\with_express\node_modules\passport\lib\middleware\authenticate.js:378:16)
    at authenticate (C:\Media\Study\Web\laboratory_work\19_lab\with_express\node_modules\passport\lib\middleware\authenticate.js:379:7)
::1 - - [18/May/2025:21:44:53 +0000] "POST /login HTTP/1.1" 500 1116
2025-05-18T21:44:53.099Z [ERROR 500] err is not defined
ReferenceError: err is not defined
    at file:///C:/Media/Study/Web/laboratory_work/19_lab/with_express/server.js:146:14
    at Layer.handleRequest (C:\Media\Study\Web\laboratory_work\19_lab\with_express\node_modules\router\lib\layer.js:152:17)
    at trimPrefix (C:\Media\Study\Web\laboratory_work\19_lab\with_express\node_modules\router\index.js:342:13)
    at C:\Media\Study\Web\laboratory_work\19_lab\with_express\node_modules\router\index.js:297:9
    at processParams (C:\Media\Study\Web\laboratory_work\19_lab\with_express\node_modules\router\index.js:582:12)
    at next (C:\Media\Study\Web\laboratory_work\19_lab\with_express\node_modules\router\index.js:291:5)
    at strategy.pass (C:\Media\Study\Web\laboratory_work\19_lab\with_express\node_modules\passport\lib\middleware\authenticate.js:355:9)
    at SessionStrategy.authenticate (C:\Media\Study\Web\laboratory_work\19_lab\with_express\node_modules\passport\lib\strategies\session.js:126:10)
    at attempt (C:\Media\Study\Web\laboratory_work\19_lab\with_express\node_modules\passport\lib\middleware\authenticate.js:378:16)
    at authenticate (C:\Media\Study\Web\laboratory_work\19_lab\with_express\node_modules\passport\lib\middleware\authenticate.js:379:7)
::1 - - [18/May/2025:21:44:53 +0000] "GET /.well-known/appspecific/com.chrome.devtools.json HTTP/1.1" 500 1116
::1 - - [18/May/2025:21:45:11 +0000] "POST /login HTTP/1.1" 404 1158
::1 - - [18/May/2025:21:45:11 +0000] "GET /.well-known/appspecific/com.chrome.devtools.json HTTP/1.1" 404 1158
::1 - - [18/May/2025:21:47:15 +0000] "GET /login HTTP/1.1" 304 -
::1 - - [18/May/2025:21:47:15 +0000] "GET /.well-known/appspecific/com.chrome.devtools.json HTTP/1.1" 404 1158
::1 - - [18/May/2025:21:47:21 +0000] "POST /login HTTP/1.1" 404 1158
::1 - - [18/May/2025:21:47:21 +0000] "GET /.well-known/appspecific/com.chrome.devtools.json HTTP/1.1" 404 1158
::1 - - [18/May/2025:21:49:27 +0000] "GET /login HTTP/1.1" 304 -
::1 - - [18/May/2025:21:49:27 +0000] "GET /.well-known/appspecific/com.chrome.devtools.json HTTP/1.1" 404 1158
::1 - - [18/May/2025:21:49:31 +0000] "POST /login HTTP/1.1" 404 1158
::1 - - [18/May/2025:21:49:31 +0000] "GET /.well-known/appspecific/com.chrome.devtools.json HTTP/1.1" 404 1158
::1 - - [18/May/2025:21:49:34 +0000] "GET /login HTTP/1.1" 304 -
::1 - - [18/May/2025:21:49:34 +0000] "GET /.well-known/appspecific/com.chrome.devtools.json HTTP/1.1" 404 1158
::1 - - [18/May/2025:21:49:42 +0000] "POST /login HTTP/1.1" 404 1158
::1 - - [18/May/2025:21:49:42 +0000] "GET /.well-known/appspecific/com.chrome.devtools.json HTTP/1.1" 404 1158
::1 - - [18/May/2025:21:49:44 +0000] "GET /.well-known/appspecific/com.chrome.devtools.json HTTP/1.1" 404 1158
::1 - - [18/May/2025:21:50:36 +0000] "POST /login HTTP/1.1" 404 1158
::1 - - [18/May/2025:21:50:36 +0000] "GET /.well-known/appspecific/com.chrome.devtools.json HTTP/1.1" 404 1158
::1 - - [18/May/2025:21:50:38 +0000] "GET /.well-known/appspecific/com.chrome.devtools.json HTTP/1.1" 404 1158
::1 - - [18/May/2025:21:50:41 +0000] "POST /login HTTP/1.1" 404 1158
::1 - - [18/May/2025:21:50:41 +0000] "GET /.well-known/appspecific/com.chrome.devtools.json HTTP/1.1" 404 1158
::1 - - [18/May/2025:21:50:42 +0000] "GET /.well-known/appspecific/com.chrome.devtools.json HTTP/1.1" 404 1158
::1 - - [18/May/2025:21:50:43 +0000] "GET /login HTTP/1.1" 304 -
::1 - - [18/May/2025:21:50:43 +0000] "GET /.well-known/appspecific/com.chrome.devtools.json HTTP/1.1" 404 1158
::1 - - [18/May/2025:21:50:47 +0000] "POST /login HTTP/1.1" 404 1158
::1 - - [18/May/2025:21:50:47 +0000] "GET /.well-known/appspecific/com.chrome.devtools.json HTTP/1.1" 404 1158
::1 - - [18/May/2025:21:51:04 +0000] "GET /login HTTP/1.1" 304 -
::1 - - [18/May/2025:21:51:04 +0000] "GET /.well-known/appspecific/com.chrome.devtools.json HTTP/1.1" 404 1158
::1 - - [18/May/2025:21:51:07 +0000] "POST /login HTTP/1.1" 404 1158
::1 - - [18/May/2025:21:51:07 +0000] "GET /.well-known/appspecific/com.chrome.devtools.json HTTP/1.1" 404 1158
::1 - - [18/May/2025:21:51:08 +0000] "GET /.well-known/appspecific/com.chrome.devtools.json HTTP/1.1" 404 1158
::1 - - [18/May/2025:21:51:08 +0000] "GET /.well-known/appspecific/com.chrome.devtools.json HTTP/1.1" 404 1158
::1 - - [18/May/2025:21:55:41 +0000] "POST /login HTTP/1.1" 302 35
::1 - - [18/May/2025:21:55:41 +0000] "GET /login HTTP/1.1" 200 1367
::1 - - [18/May/2025:21:55:41 +0000] "GET /.well-known/appspecific/com.chrome.devtools.json HTTP/1.1" 404 1158
::1 - - [18/May/2025:21:55:46 +0000] "POST /login HTTP/1.1" 302 35
::1 - - [18/May/2025:21:55:46 +0000] "GET /login HTTP/1.1" 200 1367
::1 - - [18/May/2025:21:55:46 +0000] "GET /.well-known/appspecific/com.chrome.devtools.json HTTP/1.1" 404 1158
::1 - - [18/May/2025:21:55:57 +0000] "POST /login HTTP/1.1" 302 35
::1 - - [18/May/2025:21:55:57 +0000] "GET /login HTTP/1.1" 200 1367
::1 - - [18/May/2025:21:55:57 +0000] "GET /.well-known/appspecific/com.chrome.devtools.json HTTP/1.1" 404 1158
::1 - - [18/May/2025:21:56:04 +0000] "POST /login HTTP/1.1" 302 35
::1 - - [18/May/2025:21:56:04 +0000] "GET /login HTTP/1.1" 200 1367
::1 - - [18/May/2025:21:56:04 +0000] "GET /.well-known/appspecific/com.chrome.devtools.json HTTP/1.1" 404 1158
::1 - - [18/May/2025:21:56:33 +0000] "POST /login HTTP/1.1" 302 35
::1 - - [18/May/2025:21:56:33 +0000] "GET /login HTTP/1.1" 200 1367
::1 - - [18/May/2025:21:56:33 +0000] "GET /.well-known/appspecific/com.chrome.devtools.json HTTP/1.1" 404 1158
::1 - - [18/May/2025:21:56:52 +0000] "POST /login HTTP/1.1" 302 35
::1 - - [18/May/2025:21:56:52 +0000] "GET /login HTTP/1.1" 200 1367
::1 - - [18/May/2025:21:56:52 +0000] "GET /.well-known/appspecific/com.chrome.devtools.json HTTP/1.1" 404 1158
::1 - - [18/May/2025:21:57:01 +0000] "POST /login HTTP/1.1" 302 35
::1 - - [18/May/2025:21:57:01 +0000] "GET /login HTTP/1.1" 200 1367
::1 - - [18/May/2025:21:57:01 +0000] "GET /.well-known/appspecific/com.chrome.devtools.json HTTP/1.1" 404 1158
2025-05-18T21:58:36.548Z [ERROR 500] Failed to serialize user into session
Error: Failed to serialize user into session
    at pass (C:\Media\Study\Web\laboratory_work\19_lab\with_express\node_modules\passport\lib\authenticator.js:296:19)
    at serialized (C:\Media\Study\Web\laboratory_work\19_lab\with_express\node_modules\passport\lib\authenticator.js:301:7)
    at file:///C:/Media/Study/Web/laboratory_work/19_lab/with_express/config-passport.js:11:5
    at pass (C:\Media\Study\Web\laboratory_work\19_lab\with_express\node_modules\passport\lib\authenticator.js:309:9)
    at Authenticator.serializeUser (C:\Media\Study\Web\laboratory_work\19_lab\with_express\node_modules\passport\lib\authenticator.js:314:5)
    at C:\Media\Study\Web\laboratory_work\19_lab\with_express\node_modules\passport\lib\sessionmanager.js:33:10
    at C:\Media\Study\Web\laboratory_work\19_lab\with_express\node_modules\express-session\session\store.js:54:5
    at CB (C:\Media\Study\Web\laboratory_work\19_lab\with_express\node_modules\fs-extra\lib\remove\rimraf.js:57:5)
    at C:\Media\Study\Web\laboratory_work\19_lab\with_express\node_modules\fs-extra\lib\remove\rimraf.js:81:14
    at callback (C:\Media\Study\Web\laboratory_work\19_lab\with_express\node_modules\graceful-fs\polyfills.js:306:20)
::1 - - [18/May/2025:21:58:36 +0000] "POST /login HTTP/1.1" 500 1116
::1 - - [18/May/2025:21:58:36 +0000] "GET /.well-known/appspecific/com.chrome.devtools.json HTTP/1.1" 404 1158
::1 - - [18/May/2025:22:02:23 +0000] "GET /.well-known/appspecific/com.chrome.devtools.json HTTP/1.1" 404 1158
::1 - - [18/May/2025:22:02:26 +0000] "POST /login HTTP/1.1" 302 34
::1 - - [18/May/2025:22:02:26 +0000] "GET /text HTTP/1.1" 304 -
::1 - - [18/May/2025:22:02:26 +0000] "GET /.well-known/appspecific/com.chrome.devtools.json HTTP/1.1" 404 1158
::1 - - [18/May/2025:22:02:30 +0000] "GET / HTTP/1.1" 304 -
::1 - - [18/May/2025:22:02:30 +0000] "GET /.well-known/appspecific/com.chrome.devtools.json HTTP/1.1" 404 1158
::1 - - [18/May/2025:22:03:31 +0000] "GET /login HTTP/1.1" 200 1367
::1 - - [18/May/2025:22:03:31 +0000] "GET /.well-known/appspecific/com.chrome.devtools.json HTTP/1.1" 404 1158
::1 - - [18/May/2025:22:03:41 +0000] "POST /login HTTP/1.1" 302 35
::1 - - [18/May/2025:22:03:41 +0000] "GET /login HTTP/1.1" 200 1367
::1 - - [18/May/2025:22:03:42 +0000] "GET /.well-known/appspecific/com.chrome.devtools.json HTTP/1.1" 404 1158
2025-05-18T22:05:19.971Z [ERROR 500] Failed to lookup view "/login" in views directory "C:\Media\Study\Web\laboratory_work\19_lab\with_express\views"
Error: Failed to lookup view "/login" in views directory "C:\Media\Study\Web\laboratory_work\19_lab\with_express\views"
    at Function.render (C:\Media\Study\Web\laboratory_work\19_lab\with_express\node_modules\express\lib\application.js:562:17)
    at ServerResponse.render (C:\Media\Study\Web\laboratory_work\19_lab\with_express\node_modules\express\lib\response.js:909:7)
    at file:///C:/Media/Study/Web/laboratory_work/19_lab/with_express/server.js:135:18
    at allFailed (C:\Media\Study\Web\laboratory_work\19_lab\with_express\node_modules\passport\lib\middleware\authenticate.js:110:18)
    at attempt (C:\Media\Study\Web\laboratory_work\19_lab\with_express\node_modules\passport\lib\middleware\authenticate.js:183:28)
    at strategy.fail (C:\Media\Study\Web\laboratory_work\19_lab\with_express\node_modules\passport\lib\middleware\authenticate.js:314:9)
    at verified (C:\Media\Study\Web\laboratory_work\19_lab\with_express\node_modules\passport-local\lib\strategy.js:82:30)
    at Strategy._verify (file:///C:/Media/Study/Web/laboratory_work/19_lab/with_express/config-passport.js:27:20)
    at Strategy.authenticate (C:\Media\Study\Web\laboratory_work\19_lab\with_express\node_modules\passport-local\lib\strategy.js:90:12)
    at attempt (C:\Media\Study\Web\laboratory_work\19_lab\with_express\node_modules\passport\lib\middleware\authenticate.js:378:16)
::1 - - [18/May/2025:22:05:19 +0000] "POST /login HTTP/1.1" 500 1116
::1 - - [18/May/2025:22:05:20 +0000] "GET /.well-known/appspecific/com.chrome.devtools.json HTTP/1.1" 404 1158
::1 - - [18/May/2025:22:07:09 +0000] "GET /.well-known/appspecific/com.chrome.devtools.json HTTP/1.1" 404 1158
::1 - - [18/May/2025:22:07:12 +0000] "POST /login HTTP/1.1" 200 1455
::1 - - [18/May/2025:22:07:12 +0000] "GET /.well-known/appspecific/com.chrome.devtools.json HTTP/1.1" 404 1158
::1 - - [18/May/2025:22:07:23 +0000] "POST /login HTTP/1.1" 200 1455
::1 - - [18/May/2025:22:07:23 +0000] "GET /.well-known/appspecific/com.chrome.devtools.json HTTP/1.1" 404 1158
::1 - - [18/May/2025:22:07:27 +0000] "POST /login HTTP/1.1" 302 34
::1 - - [18/May/2025:22:07:27 +0000] "GET /text HTTP/1.1" 304 -
::1 - - [18/May/2025:22:07:27 +0000] "GET /.well-known/appspecific/com.chrome.devtools.json HTTP/1.1" 404 1158
::1 - - [18/May/2025:22:07:31 +0000] "GET /login HTTP/1.1" 200 1367
::1 - - [18/May/2025:22:07:31 +0000] "GET /.well-known/appspecific/com.chrome.devtools.json HTTP/1.1" 404 1158
::1 - - [18/May/2025:22:11:35 +0000] "GET /login HTTP/1.1" 304 -
::1 - - [18/May/2025:22:11:35 +0000] "GET /.well-known/appspecific/com.chrome.devtools.json HTTP/1.1" 404 1158
2025-05-18T22:11:36.905Z [ERROR 500] req.isAutentificated is not a function
TypeError: req.isAutentificated is not a function
    at auth (file:///C:/Media/Study/Web/laboratory_work/19_lab/with_express/server.js:58:11)
    at Layer.handleRequest (C:\Media\Study\Web\laboratory_work\19_lab\with_express\node_modules\router\lib\layer.js:152:17)
    at next (C:\Media\Study\Web\laboratory_work\19_lab\with_express\node_modules\router\lib\route.js:157:13)
    at Route.dispatch (C:\Media\Study\Web\laboratory_work\19_lab\with_express\node_modules\router\lib\route.js:117:3)
    at handle (C:\Media\Study\Web\laboratory_work\19_lab\with_express\node_modules\router\index.js:435:11)
    at Layer.handleRequest (C:\Media\Study\Web\laboratory_work\19_lab\with_express\node_modules\router\lib\layer.js:152:17)
    at C:\Media\Study\Web\laboratory_work\19_lab\with_express\node_modules\router\index.js:295:15
    at processParams (C:\Media\Study\Web\laboratory_work\19_lab\with_express\node_modules\router\index.js:582:12)
    at next (C:\Media\Study\Web\laboratory_work\19_lab\with_express\node_modules\router\index.js:291:5)
    at strategy.pass (C:\Media\Study\Web\laboratory_work\19_lab\with_express\node_modules\passport\lib\middleware\authenticate.js:355:9)
::1 - - [18/May/2025:22:11:36 +0000] "GET /profile HTTP/1.1" 500 1116
::1 - - [18/May/2025:22:11:36 +0000] "GET /.well-known/appspecific/com.chrome.devtools.json HTTP/1.1" 404 1158
::1 - - [18/May/2025:22:11:58 +0000] "GET / HTTP/1.1" 304 -
::1 - - [18/May/2025:22:11:58 +0000] "GET /.well-known/appspecific/com.chrome.devtools.json HTTP/1.1" 404 1158
2025-05-18T22:12:02.093Z [ERROR 500] req.isAutentificated is not a function
TypeError: req.isAutentificated is not a function
    at auth (file:///C:/Media/Study/Web/laboratory_work/19_lab/with_express/server.js:58:11)
    at Layer.handleRequest (C:\Media\Study\Web\laboratory_work\19_lab\with_express\node_modules\router\lib\layer.js:152:17)
    at next (C:\Media\Study\Web\laboratory_work\19_lab\with_express\node_modules\router\lib\route.js:157:13)
    at Route.dispatch (C:\Media\Study\Web\laboratory_work\19_lab\with_express\node_modules\router\lib\route.js:117:3)
    at handle (C:\Media\Study\Web\laboratory_work\19_lab\with_express\node_modules\router\index.js:435:11)
    at Layer.handleRequest (C:\Media\Study\Web\laboratory_work\19_lab\with_express\node_modules\router\lib\layer.js:152:17)
    at C:\Media\Study\Web\laboratory_work\19_lab\with_express\node_modules\router\index.js:295:15
    at processParams (C:\Media\Study\Web\laboratory_work\19_lab\with_express\node_modules\router\index.js:582:12)
    at next (C:\Media\Study\Web\laboratory_work\19_lab\with_express\node_modules\router\index.js:291:5)
    at strategy.pass (C:\Media\Study\Web\laboratory_work\19_lab\with_express\node_modules\passport\lib\middleware\authenticate.js:355:9)
::1 - - [18/May/2025:22:12:02 +0000] "GET /profile HTTP/1.1" 500 1116
::1 - - [18/May/2025:22:12:02 +0000] "GET /.well-known/appspecific/com.chrome.devtools.json HTTP/1.1" 404 1158
::1 - - [18/May/2025:22:12:39 +0000] "GET /.well-known/appspecific/com.chrome.devtools.json HTTP/1.1" 404 1158
::1 - - [18/May/2025:22:12:39 +0000] "GET /.well-known/appspecific/com.chrome.devtools.json HTTP/1.1" 404 1158
2025-05-18T22:12:40.600Z [ERROR 500] req.isAutentificated is not a function
TypeError: req.isAutentificated is not a function
    at auth (file:///C:/Media/Study/Web/laboratory_work/19_lab/with_express/server.js:58:11)
    at Layer.handleRequest (C:\Media\Study\Web\laboratory_work\19_lab\with_express\node_modules\router\lib\layer.js:152:17)
    at next (C:\Media\Study\Web\laboratory_work\19_lab\with_express\node_modules\router\lib\route.js:157:13)
    at Route.dispatch (C:\Media\Study\Web\laboratory_work\19_lab\with_express\node_modules\router\lib\route.js:117:3)
    at handle (C:\Media\Study\Web\laboratory_work\19_lab\with_express\node_modules\router\index.js:435:11)
    at Layer.handleRequest (C:\Media\Study\Web\laboratory_work\19_lab\with_express\node_modules\router\lib\layer.js:152:17)
    at C:\Media\Study\Web\laboratory_work\19_lab\with_express\node_modules\router\index.js:295:15
    at processParams (C:\Media\Study\Web\laboratory_work\19_lab\with_express\node_modules\router\index.js:582:12)
    at next (C:\Media\Study\Web\laboratory_work\19_lab\with_express\node_modules\router\index.js:291:5)
    at strategy.pass (C:\Media\Study\Web\laboratory_work\19_lab\with_express\node_modules\passport\lib\middleware\authenticate.js:355:9)
::1 - - [18/May/2025:22:12:40 +0000] "GET /profile HTTP/1.1" 500 1116
::1 - - [18/May/2025:22:12:40 +0000] "GET /.well-known/appspecific/com.chrome.devtools.json HTTP/1.1" 404 1158
::1 - - [18/May/2025:22:13:41 +0000] "GET /.well-known/appspecific/com.chrome.devtools.json HTTP/1.1" 404 1158
::1 - - [18/May/2025:22:13:41 +0000] "GET /.well-known/appspecific/com.chrome.devtools.json HTTP/1.1" 404 1158
2025-05-18T22:13:43.048Z [ERROR 500] C:\Media\Study\Web\laboratory_work\19_lab\with_express\views\profile.ejs:3
    1| <%- include('partials/header', { pageTitle: "Профиль"}) %>
    2|     <main>
 >> 3|         Добро пожаловать, <%= user %>!
    4|     </main>
    5|     <form method="POST" action="/logout">  
    6|         <button type="submit">Выйти</button>

user is not defined
ReferenceError: C:\Media\Study\Web\laboratory_work\19_lab\with_express\views\profile.ejs:3
    1| <%- include('partials/header', { pageTitle: "Профиль"}) %>
    2|     <main>
 >> 3|         Добро пожаловать, <%= user %>!
    4|     </main>
    5|     <form method="POST" action="/logout">  
    6|         <button type="submit">Выйти</button>

user is not defined
    at eval ("C:\\Media\\Study\\Web\\laboratory_work\\19_lab\\with_express\\views\\profile.ejs":13:26)
    at profile (C:\Media\Study\Web\laboratory_work\19_lab\with_express\node_modules\ejs\lib\ejs.js:703:17)
    at tryHandleCache (C:\Media\Study\Web\laboratory_work\19_lab\with_express\node_modules\ejs\lib\ejs.js:274:36)
    at exports.renderFile [as engine] (C:\Media\Study\Web\laboratory_work\19_lab\with_express\node_modules\ejs\lib\ejs.js:491:10)
    at View.render (C:\Media\Study\Web\laboratory_work\19_lab\with_express\node_modules\express\lib\view.js:139:8)
    at tryRender (C:\Media\Study\Web\laboratory_work\19_lab\with_express\node_modules\express\lib\application.js:627:10)
    at Function.render (C:\Media\Study\Web\laboratory_work\19_lab\with_express\node_modules\express\lib\application.js:574:3)
    at ServerResponse.render (C:\Media\Study\Web\laboratory_work\19_lab\with_express\node_modules\express\lib\response.js:909:7)
    at file:///C:/Media/Study/Web/laboratory_work/19_lab/with_express/server.js:114:7
    at Layer.handleRequest (C:\Media\Study\Web\laboratory_work\19_lab\with_express\node_modules\router\lib\layer.js:152:17)
::1 - - [18/May/2025:22:13:43 +0000] "GET /profile HTTP/1.1" 500 1116
::1 - - [18/May/2025:22:13:43 +0000] "GET /.well-known/appspecific/com.chrome.devtools.json HTTP/1.1" 404 1158
2025-05-18T22:15:33.876Z [ERROR 500] user is not defined
ReferenceError: user is not defined
    at file:///C:/Media/Study/Web/laboratory_work/19_lab/with_express/server.js:114:32
    at Layer.handleRequest (C:\Media\Study\Web\laboratory_work\19_lab\with_express\node_modules\router\lib\layer.js:152:17)
    at next (C:\Media\Study\Web\laboratory_work\19_lab\with_express\node_modules\router\lib\route.js:157:13)
    at auth (file:///C:/Media/Study/Web/laboratory_work/19_lab/with_express/server.js:59:5)
    at Layer.handleRequest (C:\Media\Study\Web\laboratory_work\19_lab\with_express\node_modules\router\lib\layer.js:152:17)
    at next (C:\Media\Study\Web\laboratory_work\19_lab\with_express\node_modules\router\lib\route.js:157:13)
    at Route.dispatch (C:\Media\Study\Web\laboratory_work\19_lab\with_express\node_modules\router\lib\route.js:117:3)
    at handle (C:\Media\Study\Web\laboratory_work\19_lab\with_express\node_modules\router\index.js:435:11)
    at Layer.handleRequest (C:\Media\Study\Web\laboratory_work\19_lab\with_express\node_modules\router\lib\layer.js:152:17)
    at C:\Media\Study\Web\laboratory_work\19_lab\with_express\node_modules\router\index.js:295:15
::1 - - [18/May/2025:22:15:33 +0000] "GET /profile HTTP/1.1" 500 1116
::1 - - [18/May/2025:22:15:33 +0000] "GET /.well-known/appspecific/com.chrome.devtools.json HTTP/1.1" 404 1158
::1 - - [18/May/2025:22:19:35 +0000] "GET /.well-known/appspecific/com.chrome.devtools.json HTTP/1.1" 404 1158
::1 - - [18/May/2025:22:19:35 +0000] "GET /.well-known/appspecific/com.chrome.devtools.json HTTP/1.1" 404 1158
::1 - - [18/May/2025:22:19:37 +0000] "GET /profile HTTP/1.1" 200 1125
::1 - - [18/May/2025:22:19:37 +0000] "GET /.well-known/appspecific/com.chrome.devtools.json HTTP/1.1" 404 1158
::1 - - [18/May/2025:22:21:49 +0000] "GET /profile HTTP/1.1" 200 1110
::1 - - [18/May/2025:22:21:49 +0000] "GET /.well-known/appspecific/com.chrome.devtools.json HTTP/1.1" 404 1158
::1 - - [18/May/2025:22:21:50 +0000] "GET /profile HTTP/1.1" 304 -
::1 - - [18/May/2025:22:21:50 +0000] "GET /.well-known/appspecific/com.chrome.devtools.json HTTP/1.1" 404 1158
::1 - - [18/May/2025:22:21:51 +0000] "GET /profile HTTP/1.1" 304 -
::1 - - [18/May/2025:22:21:51 +0000] "GET /.well-known/appspecific/com.chrome.devtools.json HTTP/1.1" 404 1158
::1 - - [18/May/2025:22:21:51 +0000] "GET /profile HTTP/1.1" 304 -
::1 - - [18/May/2025:22:21:51 +0000] "GET /.well-known/appspecific/com.chrome.devtools.json HTTP/1.1" 404 1158
::1 - - [18/May/2025:22:22:03 +0000] "GET /profile HTTP/1.1" 304 -
::1 - - [18/May/2025:22:22:03 +0000] "GET /.well-known/appspecific/com.chrome.devtools.json HTTP/1.1" 404 1158
::1 - - [18/May/2025:22:22:36 +0000] "GET /profile HTTP/1.1" 200 1115
::1 - - [18/May/2025:22:22:36 +0000] "GET /.well-known/appspecific/com.chrome.devtools.json HTTP/1.1" 404 1158
::1 - - [18/May/2025:22:22:53 +0000] "GET / HTTP/1.1" 304 -
::1 - - [18/May/2025:22:22:53 +0000] "GET /.well-known/appspecific/com.chrome.devtools.json HTTP/1.1" 404 1158
::1 - - [18/May/2025:22:22:54 +0000] "GET /profile HTTP/1.1" 304 -
::1 - - [18/May/2025:22:22:54 +0000] "GET /.well-known/appspecific/com.chrome.devtools.json HTTP/1.1" 404 1158
::1 - - [18/May/2025:22:22:55 +0000] "GET /profile HTTP/1.1" 304 -
::1 - - [18/May/2025:22:22:55 +0000] "GET /.well-known/appspecific/com.chrome.devtools.json HTTP/1.1" 404 1158
::1 - - [18/May/2025:22:23:00 +0000] "GET / HTTP/1.1" 304 -
::1 - - [18/May/2025:22:23:00 +0000] "GET /.well-known/appspecific/com.chrome.devtools.json HTTP/1.1" 404 1158
::1 - - [18/May/2025:22:23:10 +0000] "GET / HTTP/1.1" 304 -
::1 - - [18/May/2025:22:23:10 +0000] "GET /.well-known/appspecific/com.chrome.devtools.json HTTP/1.1" 404 1158
::1 - - [18/May/2025:22:23:13 +0000] "GET /profile HTTP/1.1" 302 35
::1 - - [18/May/2025:22:23:13 +0000] "GET /login HTTP/1.1" 304 -
::1 - - [18/May/2025:22:23:14 +0000] "GET /.well-known/appspecific/com.chrome.devtools.json HTTP/1.1" 404 1158
::1 - - [18/May/2025:22:23:16 +0000] "GET /profile HTTP/1.1" 302 35
::1 - - [18/May/2025:22:23:16 +0000] "GET /login HTTP/1.1" 304 -
::1 - - [18/May/2025:22:23:16 +0000] "GET /.well-known/appspecific/com.chrome.devtools.json HTTP/1.1" 404 1158
::1 - - [18/May/2025:22:23:17 +0000] "GET /profile HTTP/1.1" 302 35
::1 - - [18/May/2025:22:23:18 +0000] "GET /login HTTP/1.1" 304 -
::1 - - [18/May/2025:22:23:18 +0000] "GET /.well-known/appspecific/com.chrome.devtools.json HTTP/1.1" 404 1158
::1 - - [18/May/2025:22:23:19 +0000] "GET /login HTTP/1.1" 304 -
::1 - - [18/May/2025:22:23:19 +0000] "GET /.well-known/appspecific/com.chrome.devtools.json HTTP/1.1" 404 1158
::1 - - [18/May/2025:22:23:20 +0000] "GET /profile HTTP/1.1" 302 35
::1 - - [18/May/2025:22:23:20 +0000] "GET /login HTTP/1.1" 304 -
::1 - - [18/May/2025:22:23:20 +0000] "GET /.well-known/appspecific/com.chrome.devtools.json HTTP/1.1" 404 1158
::1 - - [18/May/2025:22:28:03 +0000] "GET /profile HTTP/1.1" 302 35
::1 - - [18/May/2025:22:28:03 +0000] "GET /login HTTP/1.1" 304 -
::1 - - [18/May/2025:22:28:03 +0000] "GET /.well-known/appspecific/com.chrome.devtools.json HTTP/1.1" 404 1158
::1 - - [18/May/2025:22:28:06 +0000] "POST /login HTTP/1.1" 302 34
::1 - - [18/May/2025:22:28:07 +0000] "GET /text HTTP/1.1" 304 -
::1 - - [18/May/2025:22:28:07 +0000] "GET /.well-known/appspecific/com.chrome.devtools.json HTTP/1.1" 404 1158
::1 - - [18/May/2025:22:28:12 +0000] "GET /login HTTP/1.1" 200 1367
::1 - - [18/May/2025:22:28:12 +0000] "GET /.well-known/appspecific/com.chrome.devtools.json HTTP/1.1" 404 1158
::1 - - [18/May/2025:22:28:38 +0000] "POST /login HTTP/1.1" 302 37
::1 - - [18/May/2025:22:28:38 +0000] "GET /profile HTTP/1.1" 200 1115
::1 - - [18/May/2025:22:28:38 +0000] "GET /.well-known/appspecific/com.chrome.devtools.json HTTP/1.1" 404 1158
::1 - - [18/May/2025:22:28:39 +0000] "POST /logout HTTP/1.1" 302 30
::1 - - [18/May/2025:22:28:39 +0000] "GET / HTTP/1.1" 304 -
::1 - - [18/May/2025:22:28:40 +0000] "GET /.well-known/appspecific/com.chrome.devtools.json HTTP/1.1" 404 1158
::1 - - [18/May/2025:22:28:42 +0000] "GET /profile HTTP/1.1" 302 35
::1 - - [18/May/2025:22:28:42 +0000] "GET /login HTTP/1.1" 200 1367
::1 - - [18/May/2025:22:28:42 +0000] "GET /.well-known/appspecific/com.chrome.devtools.json HTTP/1.1" 404 1158
::1 - - [18/May/2025:22:31:53 +0000] "GET /favicon.ico HTTP/1.1" 404 1158
::1 - - [19/May/2025:10:00:30 +0000] "GET /login HTTP/1.1" 304 -
::1 - - [19/May/2025:10:00:30 +0000] "GET /favicon.ico HTTP/1.1" 404 1158
::1 - - [19/May/2025:10:00:31 +0000] "GET /profile HTTP/1.1" 302 35
::1 - - [19/May/2025:10:00:31 +0000] "GET /login HTTP/1.1" 304 -
::1 - - [19/May/2025:10:00:32 +0000] "GET /input HTTP/1.1" 304 -
::1 - - [19/May/2025:10:00:34 +0000] "POST /inputData HTTP/1.1" 200 1480
::1 - - [19/May/2025:10:11:43 +0000] "GET / HTTP/1.1" 304 -
::1 - - [19/May/2025:10:11:44 +0000] "GET /input HTTP/1.1" 304 -
::1 - - [19/May/2025:10:11:44 +0000] "GET /profile HTTP/1.1" 302 35
::1 - - [19/May/2025:10:11:44 +0000] "GET /login HTTP/1.1" 304 -
::1 - - [19/May/2025:10:11:46 +0000] "GET /profile HTTP/1.1" 302 35
::1 - - [19/May/2025:10:11:46 +0000] "GET /login HTTP/1.1" 304 -
::1 - - [19/May/2025:10:11:47 +0000] "GET /login HTTP/1.1" 304 -
::1 - - [19/May/2025:10:11:48 +0000] "GET /login HTTP/1.1" 304 -
::1 - - [19/May/2025:10:11:51 +0000] "POST /login HTTP/1.1" 200 1455
::1 - - [19/May/2025:10:11:55 +0000] "POST /login HTTP/1.1" 200 1455
::1 - - [19/May/2025:10:12:00 +0000] "POST /login HTTP/1.1" 200 1455
::1 - - [19/May/2025:10:12:12 +0000] "POST /login HTTP/1.1" 200 1455
::1 - - [19/May/2025:10:12:14 +0000] "GET /profile HTTP/1.1" 302 35
::1 - - [19/May/2025:10:12:14 +0000] "GET /login HTTP/1.1" 200 1367
::1 - - [19/May/2025:10:12:17 +0000] "POST /login HTTP/1.1" 200 1455
::1 - - [19/May/2025:10:20:33 +0000] "POST /login HTTP/1.1" 200 1455
::1 - - [19/May/2025:10:20:36 +0000] "POST /login HTTP/1.1" 200 1455
2025-05-19T10:29:29.146Z [ERROR 500] userDB is not defined
ReferenceError: userDB is not defined
    at Strategy._verify (file:///C:/Media/Study/Web/laboratory_work/19_lab/with_express/config-passport.js:24:26)
    at Strategy.authenticate (C:\Media\Study\Web\laboratory_work\19_lab\with_express\node_modules\passport-local\lib\strategy.js:90:12)
    at attempt (C:\Media\Study\Web\laboratory_work\19_lab\with_express\node_modules\passport\lib\middleware\authenticate.js:378:16)
    at authenticate (C:\Media\Study\Web\laboratory_work\19_lab\with_express\node_modules\passport\lib\middleware\authenticate.js:379:7)
    at file:///C:/Media/Study/Web/laboratory_work/19_lab/with_express/server.js:149:5
    at Layer.handleRequest (C:\Media\Study\Web\laboratory_work\19_lab\with_express\node_modules\router\lib\layer.js:152:17)
    at next (C:\Media\Study\Web\laboratory_work\19_lab\with_express\node_modules\router\lib\route.js:157:13)
    at C:\Media\Study\Web\laboratory_work\19_lab\with_express\node_modules\body-parser\lib\read.js:132:5
    at AsyncResource.runInAsyncScope (node:async_hooks:211:14)
    at invokeCallback (C:\Media\Study\Web\laboratory_work\19_lab\with_express\node_modules\raw-body\index.js:238:16)
::1 - - [19/May/2025:10:29:29 +0000] "POST /login HTTP/1.1" 500 1116
::1 - - [19/May/2025:10:30:44 +0000] "GET /profile HTTP/1.1" 302 35
::1 - - [19/May/2025:10:30:44 +0000] "GET /login HTTP/1.1" 200 1367
2025-05-19T10:30:48.611Z [ERROR 500] Cannot read properties of undefined (reading 'name')
TypeError: Cannot read properties of undefined (reading 'name')
    at Strategy._verify (file:///C:/Media/Study/Web/laboratory_work/19_lab/with_express/config-passport.js:24:31)
    at Strategy.authenticate (C:\Media\Study\Web\laboratory_work\19_lab\with_express\node_modules\passport-local\lib\strategy.js:90:12)
    at attempt (C:\Media\Study\Web\laboratory_work\19_lab\with_express\node_modules\passport\lib\middleware\authenticate.js:378:16)
    at authenticate (C:\Media\Study\Web\laboratory_work\19_lab\with_express\node_modules\passport\lib\middleware\authenticate.js:379:7)
    at file:///C:/Media/Study/Web/laboratory_work/19_lab/with_express/server.js:149:5
    at Layer.handleRequest (C:\Media\Study\Web\laboratory_work\19_lab\with_express\node_modules\router\lib\layer.js:152:17)
    at next (C:\Media\Study\Web\laboratory_work\19_lab\with_express\node_modules\router\lib\route.js:157:13)
    at C:\Media\Study\Web\laboratory_work\19_lab\with_express\node_modules\body-parser\lib\read.js:132:5
    at AsyncResource.runInAsyncScope (node:async_hooks:211:14)
    at invokeCallback (C:\Media\Study\Web\laboratory_work\19_lab\with_express\node_modules\raw-body\index.js:238:16)
::1 - - [19/May/2025:10:30:48 +0000] "POST /login HTTP/1.1" 500 1116
::1 - - [19/May/2025:10:42:47 +0000] "GET /profile HTTP/1.1" 302 35
::1 - - [19/May/2025:10:42:47 +0000] "GET /login HTTP/1.1" 304 -
::1 - - [19/May/2025:10:42:52 +0000] "POST /login HTTP/1.1" 200 1455
::1 - - [19/May/2025:10:42:55 +0000] "POST /login HTTP/1.1" 302 37
::1 - - [19/May/2025:10:42:55 +0000] "GET /profile HTTP/1.1" 200 1115
::1 - - [19/May/2025:10:42:57 +0000] "GET /profile HTTP/1.1" 304 -
::1 - - [19/May/2025:10:42:58 +0000] "GET /login HTTP/1.1" 200 1367
::1 - - [19/May/2025:10:42:59 +0000] "GET /profile HTTP/1.1" 304 -
::1 - - [19/May/2025:10:43:01 +0000] "POST /logout HTTP/1.1" 302 30
::1 - - [19/May/2025:10:43:01 +0000] "GET / HTTP/1.1" 304 -
::1 - - [19/May/2025:10:49:18 +0000] "GET / HTTP/1.1" 200 1215
::1 - - [19/May/2025:10:49:19 +0000] "GET /registr HTTP/1.1" 200 1446
::1 - - [19/May/2025:10:51:54 +0000] "GET /input HTTP/1.1" 200 1396
::1 - - [19/May/2025:10:51:56 +0000] "POST /inputData HTTP/1.1" 200 1545
::1 - - [19/May/2025:10:58:46 +0000] "GET /registr HTTP/1.1" 304 -
::1 - - [19/May/2025:10:59:33 +0000] "GET /registr HTTP/1.1" 200 1474
2025-05-19T10:59:38.942Z [ERROR 500] next is not defined
ReferenceError: next is not defined
    at file:///C:/Media/Study/Web/laboratory_work/19_lab/with_express/server.js:186:5
::1 - - [19/May/2025:10:59:39 +0000] "POST /registr HTTP/1.1" 500 1181
2025-05-19T11:00:24.691Z [ERROR 500] Failed to serialize user into session
Error: Failed to serialize user into session
    at pass (C:\Media\Study\Web\laboratory_work\19_lab\with_express\node_modules\passport\lib\authenticator.js:296:19)
    at serialized (C:\Media\Study\Web\laboratory_work\19_lab\with_express\node_modules\passport\lib\authenticator.js:301:7)
    at file:///C:/Media/Study/Web/laboratory_work/19_lab/with_express/config-passport.js:12:5
    at pass (C:\Media\Study\Web\laboratory_work\19_lab\with_express\node_modules\passport\lib\authenticator.js:309:9)
    at Authenticator.serializeUser (C:\Media\Study\Web\laboratory_work\19_lab\with_express\node_modules\passport\lib\authenticator.js:314:5)
    at C:\Media\Study\Web\laboratory_work\19_lab\with_express\node_modules\passport\lib\sessionmanager.js:33:10
    at C:\Media\Study\Web\laboratory_work\19_lab\with_express\node_modules\express-session\session\store.js:54:5
    at CB (C:\Media\Study\Web\laboratory_work\19_lab\with_express\node_modules\fs-extra\lib\remove\rimraf.js:57:5)
    at C:\Media\Study\Web\laboratory_work\19_lab\with_express\node_modules\fs-extra\lib\remove\rimraf.js:107:14
    at FSReqCallback.oncomplete (node:fs:188:23)
::1 - - [19/May/2025:11:00:24 +0000] "POST /registr HTTP/1.1" 500 1181
::1 - - [19/May/2025:11:13:54 +0000] "GET /registr HTTP/1.1" 304 -
2025-05-19T11:14:08.666Z [ERROR 500] existingData is not defined
ReferenceError: existingData is not defined
    at file:///C:/Media/Study/Web/laboratory_work/19_lab/with_express/server.js:173:19
    at Layer.handleRequest (C:\Media\Study\Web\laboratory_work\19_lab\with_express\node_modules\router\lib\layer.js:152:17)
    at next (C:\Media\Study\Web\laboratory_work\19_lab\with_express\node_modules\router\lib\route.js:157:13)
    at C:\Media\Study\Web\laboratory_work\19_lab\with_express\node_modules\body-parser\lib\read.js:132:5
    at AsyncResource.runInAsyncScope (node:async_hooks:211:14)
    at invokeCallback (C:\Media\Study\Web\laboratory_work\19_lab\with_express\node_modules\raw-body\index.js:238:16)
    at done (C:\Media\Study\Web\laboratory_work\19_lab\with_express\node_modules\raw-body\index.js:227:7)
    at IncomingMessage.onEnd (C:\Media\Study\Web\laboratory_work\19_lab\with_express\node_modules\raw-body\index.js:287:7)
    at IncomingMessage.emit (node:events:524:28)
    at endReadableNT (node:internal/streams/readable:1698:12)
::1 - - [19/May/2025:11:14:08 +0000] "POST /registr HTTP/1.1" 500 1181
::1 - - [19/May/2025:11:22:27 +0000] "GET /profile HTTP/1.1" 302 35
::1 - - [19/May/2025:11:22:27 +0000] "GET /login HTTP/1.1" 200 1432
::1 - - [19/May/2025:11:22:28 +0000] "GET /profile HTTP/1.1" 302 35
::1 - - [19/May/2025:11:22:28 +0000] "GET /login HTTP/1.1" 304 -
::1 - - [19/May/2025:11:22:29 +0000] "GET /registr HTTP/1.1" 304 -
::1 - - [19/May/2025:11:22:36 +0000] "GET /table HTTP/1.1" 200 1653
::1 - - [19/May/2025:11:22:37 +0000] "GET /login HTTP/1.1" 304 -
::1 - - [19/May/2025:11:23:45 +0000] "GET /login HTTP/1.1" 200 1519
::1 - - [19/May/2025:11:23:54 +0000] "GET /login HTTP/1.1" 200 1518
::1 - - [19/May/2025:11:24:20 +0000] "GET /login HTTP/1.1" 304 -
::1 - - [19/May/2025:11:24:22 +0000] "GET /registr HTTP/1.1" 200 1506
2025-05-19T11:24:27.098Z [ERROR 500] Cannot read properties of undefined (reading 'id')
TypeError: Cannot read properties of undefined (reading 'id')
    at file:///C:/Media/Study/Web/laboratory_work/19_lab/with_express/config-passport.js:12:21
    at pass (C:\Media\Study\Web\laboratory_work\19_lab\with_express\node_modules\passport\lib\authenticator.js:309:9)
    at Authenticator.serializeUser (C:\Media\Study\Web\laboratory_work\19_lab\with_express\node_modules\passport\lib\authenticator.js:314:5)
    at C:\Media\Study\Web\laboratory_work\19_lab\with_express\node_modules\passport\lib\sessionmanager.js:33:10
    at C:\Media\Study\Web\laboratory_work\19_lab\with_express\node_modules\express-session\session\store.js:54:5
    at CB (C:\Media\Study\Web\laboratory_work\19_lab\with_express\node_modules\fs-extra\lib\remove\rimraf.js:57:5)
    at C:\Media\Study\Web\laboratory_work\19_lab\with_express\node_modules\fs-extra\lib\remove\rimraf.js:107:14
    at FSReqCallback.oncomplete (node:fs:188:23)
::1 - - [19/May/2025:11:24:27 +0000] "POST /registr HTTP/1.1" 500 1181
::1 - - [19/May/2025:11:25:15 +0000] "GET /registr HTTP/1.1" 304 -
2025-05-19T11:25:19.196Z [ERROR 500] Cannot read properties of undefined (reading 'id')
TypeError: Cannot read properties of undefined (reading 'id')
    at file:///C:/Media/Study/Web/laboratory_work/19_lab/with_express/config-passport.js:12:21
    at pass (C:\Media\Study\Web\laboratory_work\19_lab\with_express\node_modules\passport\lib\authenticator.js:309:9)
    at Authenticator.serializeUser (C:\Media\Study\Web\laboratory_work\19_lab\with_express\node_modules\passport\lib\authenticator.js:314:5)
    at C:\Media\Study\Web\laboratory_work\19_lab\with_express\node_modules\passport\lib\sessionmanager.js:33:10
    at C:\Media\Study\Web\laboratory_work\19_lab\with_express\node_modules\express-session\session\store.js:54:5
    at CB (C:\Media\Study\Web\laboratory_work\19_lab\with_express\node_modules\fs-extra\lib\remove\rimraf.js:57:5)
    at C:\Media\Study\Web\laboratory_work\19_lab\with_express\node_modules\fs-extra\lib\remove\rimraf.js:107:14
    at FSReqCallback.oncomplete (node:fs:188:23)
::1 - - [19/May/2025:11:25:19 +0000] "POST /registr HTTP/1.1" 500 1181
::1 - - [19/May/2025:11:25:43 +0000] "GET /registr HTTP/1.1" 304 -
2025-05-19T11:25:47.281Z [ERROR 500] Cannot read properties of undefined (reading 'id')
TypeError: Cannot read properties of undefined (reading 'id')
    at file:///C:/Media/Study/Web/laboratory_work/19_lab/with_express/config-passport.js:12:21
    at pass (C:\Media\Study\Web\laboratory_work\19_lab\with_express\node_modules\passport\lib\authenticator.js:309:9)
    at Authenticator.serializeUser (C:\Media\Study\Web\laboratory_work\19_lab\with_express\node_modules\passport\lib\authenticator.js:314:5)
    at C:\Media\Study\Web\laboratory_work\19_lab\with_express\node_modules\passport\lib\sessionmanager.js:33:10
    at C:\Media\Study\Web\laboratory_work\19_lab\with_express\node_modules\express-session\session\store.js:54:5
    at CB (C:\Media\Study\Web\laboratory_work\19_lab\with_express\node_modules\fs-extra\lib\remove\rimraf.js:57:5)
    at C:\Media\Study\Web\laboratory_work\19_lab\with_express\node_modules\fs-extra\lib\remove\rimraf.js:107:14
    at FSReqCallback.oncomplete (node:fs:188:23)
::1 - - [19/May/2025:11:25:47 +0000] "POST /registr HTTP/1.1" 500 1181
::1 - - [19/May/2025:11:31:47 +0000] "GET /profile HTTP/1.1" 302 35
::1 - - [19/May/2025:11:31:47 +0000] "GET /login HTTP/1.1" 304 -
::1 - - [19/May/2025:11:31:50 +0000] "GET /registr HTTP/1.1" 304 -
::1 - - [19/May/2025:11:31:54 +0000] "POST /registr HTTP/1.1" 302 37
::1 - - [19/May/2025:11:31:54 +0000] "GET /profile HTTP/1.1" 302 35
::1 - - [19/May/2025:11:31:54 +0000] "GET /login HTTP/1.1" 304 -
::1 - - [19/May/2025:11:32:23 +0000] "GET /registr HTTP/1.1" 200 1506
::1 - - [19/May/2025:11:32:29 +0000] "POST /registr HTTP/1.1" 302 37
::1 - - [19/May/2025:11:32:29 +0000] "GET /profile HTTP/1.1" 302 35
::1 - - [19/May/2025:11:32:29 +0000] "GET /login HTTP/1.1" 304 -
::1 - - [19/May/2025:11:32:42 +0000] "POST /login HTTP/1.1" 200 1606
::1 - - [19/May/2025:11:32:53 +0000] "POST /login HTTP/1.1" 200 1606
::1 - - [19/May/2025:11:33:02 +0000] "GET /registr HTTP/1.1" 200 1506
::1 - - [19/May/2025:11:33:06 +0000] "POST /registr HTTP/1.1" 302 37
::1 - - [19/May/2025:11:33:06 +0000] "GET /profile HTTP/1.1" 302 35
::1 - - [19/May/2025:11:33:06 +0000] "GET /login HTTP/1.1" 200 1518
::1 - - [19/May/2025:11:33:15 +0000] "POST /login HTTP/1.1" 200 1606
::1 - - [19/May/2025:11:48:48 +0000] "GET /registr HTTP/1.1" 200 1506
::1 - - [19/May/2025:11:49:01 +0000] "POST /registr HTTP/1.1" 302 37
::1 - - [19/May/2025:11:49:01 +0000] "GET /profile HTTP/1.1" 302 35
::1 - - [19/May/2025:11:49:01 +0000] "GET /login HTTP/1.1" 200 1518
::1 - - [19/May/2025:11:49:27 +0000] "POST /login HTTP/1.1" 200 1606
::1 - - [19/May/2025:11:49:49 +0000] "POST /login HTTP/1.1" 200 1606
::1 - - [19/May/2025:11:58:53 +0000] "POST /login HTTP/1.1" 200 1606
::1 - - [19/May/2025:11:59:01 +0000] "POST /login HTTP/1.1" 200 1606
::1 - - [19/May/2025:11:59:14 +0000] "GET /text HTTP/1.1" 200 1139
::1 - - [19/May/2025:11:59:16 +0000] "GET /profile HTTP/1.1" 302 35
::1 - - [19/May/2025:11:59:16 +0000] "GET /login HTTP/1.1" 200 1518
::1 - - [19/May/2025:11:59:17 +0000] "GET /registr HTTP/1.1" 200 1506
::1 - - [19/May/2025:11:59:21 +0000] "POST /registr HTTP/1.1" 302 37
::1 - - [19/May/2025:11:59:22 +0000] "GET /profile HTTP/1.1" 200 1175
::1 - - [19/May/2025:11:59:25 +0000] "GET /profile HTTP/1.1" 304 -
::1 - - [19/May/2025:11:59:26 +0000] "GET /profile HTTP/1.1" 304 -
::1 - - [19/May/2025:11:59:27 +0000] "GET /profile HTTP/1.1" 304 -
::1 - - [19/May/2025:11:59:29 +0000] "GET / HTTP/1.1" 304 -
::1 - - [19/May/2025:11:59:30 +0000] "GET /profile HTTP/1.1" 304 -
::1 - - [19/May/2025:11:59:31 +0000] "GET /profile HTTP/1.1" 304 -
::1 - - [19/May/2025:11:59:32 +0000] "GET / HTTP/1.1" 304 -
::1 - - [19/May/2025:11:59:32 +0000] "GET /login HTTP/1.1" 304 -
::1 - - [19/May/2025:11:59:33 +0000] "GET /profile HTTP/1.1" 304 -
::1 - - [19/May/2025:11:59:34 +0000] "GET / HTTP/1.1" 304 -
::1 - - [19/May/2025:11:59:35 +0000] "GET /profile HTTP/1.1" 304 -
::1 - - [19/May/2025:12:01:13 +0000] "GET /profile HTTP/1.1" 304 -
::1 - - [19/May/2025:12:01:14 +0000] "POST /logout HTTP/1.1" 302 30
::1 - - [19/May/2025:12:01:14 +0000] "GET / HTTP/1.1" 304 -
::1 - - [19/May/2025:12:01:16 +0000] "GET /login HTTP/1.1" 304 -
::1 - - [19/May/2025:12:01:20 +0000] "POST /login HTTP/1.1" 302 37
::1 - - [19/May/2025:12:01:20 +0000] "GET /profile HTTP/1.1" 200 1180
::1 - - [19/May/2025:12:01:22 +0000] "GET /profile HTTP/1.1" 304 -
::1 - - [19/May/2025:12:01:23 +0000] "POST /logout HTTP/1.1" 302 30
::1 - - [19/May/2025:12:01:23 +0000] "GET / HTTP/1.1" 304 -
::1 - - [19/May/2025:12:01:26 +0000] "GET /profile HTTP/1.1" 302 35
::1 - - [19/May/2025:12:01:26 +0000] "GET /login HTTP/1.1" 200 1518
::1 - - [19/May/2025:12:01:31 +0000] "POST /login HTTP/1.1" 200 1606
::1 - - [19/May/2025:12:01:35 +0000] "POST /login HTTP/1.1" 200 1606
::1 - - [19/May/2025:12:01:46 +0000] "POST /login HTTP/1.1" 200 1606
::1 - - [19/May/2025:12:13:02 +0000] "GET /profile HTTP/1.1" 302 35
::1 - - [19/May/2025:12:13:02 +0000] "GET /login HTTP/1.1" 200 1518
::1 - - [19/May/2025:12:13:39 +0000] "POST /login HTTP/1.1" 302 37
::1 - - [19/May/2025:12:13:39 +0000] "GET /profile HTTP/1.1" 200 1180
::1 - - [19/May/2025:12:13:58 +0000] "POST /logout HTTP/1.1" 302 30
::1 - - [19/May/2025:12:13:59 +0000] "GET / HTTP/1.1" 304 -
::1 - - [19/May/2025:12:14:14 +0000] "GET /profile HTTP/1.1" 302 35
::1 - - [19/May/2025:12:14:14 +0000] "GET /login HTTP/1.1" 200 1518
::1 - - [19/May/2025:12:14:15 +0000] "GET /login HTTP/1.1" 304 -
::1 - - [19/May/2025:12:14:15 +0000] "GET /registr HTTP/1.1" 200 1506
::1 - - [19/May/2025:12:14:17 +0000] "GET /login HTTP/1.1" 304 -
::1 - - [19/May/2025:12:14:22 +0000] "POST /login HTTP/1.1" 200 1606
::1 - - [19/May/2025:12:14:38 +0000] "POST /login HTTP/1.1" 200 1606
::1 - - [19/May/2025:12:17:39 +0000] "GET /registr HTTP/1.1" 200 1502
::1 - - [19/May/2025:12:17:44 +0000] "POST /registr HTTP/1.1" 302 37
::1 - - [19/May/2025:12:17:44 +0000] "GET /profile HTTP/1.1" 200 1179
::1 - - [19/May/2025:12:17:46 +0000] "GET /profile HTTP/1.1" 304 -
::1 - - [19/May/2025:12:17:48 +0000] "POST /logout HTTP/1.1" 302 30
::1 - - [19/May/2025:12:17:48 +0000] "GET / HTTP/1.1" 304 -
::1 - - [19/May/2025:12:17:49 +0000] "GET /profile HTTP/1.1" 302 35
::1 - - [19/May/2025:12:17:49 +0000] "GET /login HTTP/1.1" 200 1518
::1 - - [19/May/2025:12:17:54 +0000] "POST /login HTTP/1.1" 302 37
::1 - - [19/May/2025:12:17:54 +0000] "GET /profile HTTP/1.1" 200 1179
::1 - - [19/May/2025:12:17:57 +0000] "POST /logout HTTP/1.1" 302 30
::1 - - [19/May/2025:12:17:57 +0000] "GET / HTTP/1.1" 304 -
::1 - - [19/May/2025:12:52:35 +0000] "GET /profile HTTP/1.1" 302 35
::1 - - [19/May/2025:12:52:35 +0000] "GET /login HTTP/1.1" 200 1518
::1 - - [19/May/2025:12:52:40 +0000] "POST /login HTTP/1.1" 302 37
::1 - - [19/May/2025:12:52:40 +0000] "GET /profile HTTP/1.1" 200 1543
::1 - - [19/May/2025:12:52:48 +0000] "GET /change?NewPassword=2 HTTP/1.1" 404 1223
::1 - - [19/May/2025:13:17:35 +0000] "GET /profile HTTP/1.1" 200 1555
::1 - - [19/May/2025:13:17:37 +0000] "POST /logout HTTP/1.1" 302 30
::1 - - [19/May/2025:13:17:37 +0000] "GET / HTTP/1.1" 304 -
::1 - - [19/May/2025:13:17:39 +0000] "GET /profile HTTP/1.1" 302 35
::1 - - [19/May/2025:13:17:39 +0000] "GET /login HTTP/1.1" 200 1518
::1 - - [19/May/2025:13:17:43 +0000] "POST /login HTTP/1.1" 302 37
::1 - - [19/May/2025:13:17:43 +0000] "GET /profile HTTP/1.1" 200 1555
::1 - - [19/May/2025:13:17:46 +0000] "GET /users/:id/password?NewPassword=1 HTTP/1.1" 404 1223
::1 - - [19/May/2025:13:19:33 +0000] "GET /users/:id/password?NewPassword=1 HTTP/1.1" 404 1223
::1 - - [19/May/2025:13:19:37 +0000] "GET /profile HTTP/1.1" 304 -
::1 - - [19/May/2025:13:19:38 +0000] "GET /profile HTTP/1.1" 304 -
::1 - - [19/May/2025:13:19:40 +0000] "GET /users/:id/password?NewPassword=1 HTTP/1.1" 404 1223
::1 - - [19/May/2025:13:21:16 +0000] "GET /users/:id/password HTTP/1.1" 404 1223
::1 - - [19/May/2025:13:24:20 +0000] "GET /users/:id/password?NewPassword=1 HTTP/1.1" 404 1223
::1 - - [19/May/2025:18:54:02 +0000] "GET /profile HTTP/1.1" 304 -
::1 - - [19/May/2025:19:26:11 +0000] "GET /users/:id/password?NewPassword=2 HTTP/1.1" 404 1223
::1 - - [19/May/2025:19:26:16 +0000] "GET /profile HTTP/1.1" 200 1562
::1 - - [19/May/2025:19:26:19 +0000] "GET /update-password?newPassword=2 HTTP/1.1" 404 1223
::1 - - [19/May/2025:19:26:43 +0000] "GET /update-password?newPassword=2 HTTP/1.1" 404 1223
::1 - - [19/May/2025:19:26:46 +0000] "GET /profile HTTP/1.1" 304 -
::1 - - [19/May/2025:19:26:48 +0000] "GET /update-password?newPassword=5 HTTP/1.1" 404 1223
::1 - - [19/May/2025:19:35:53 +0000] "GET /input HTTP/1.1" - -
::1 - - [19/May/2025:19:35:54 +0000] "GET /input HTTP/1.1" - -
::1 - - [19/May/2025:19:35:59 +0000] "GET /input HTTP/1.1" - -
::1 - - [19/May/2025:19:36:00 +0000] "GET / HTTP/1.1" - -
::1 - - [19/May/2025:19:36:23 +0000] "GET / HTTP/1.1" - -
::ffff:127.0.0.1 - - [19/May/2025:19:36:25 +0000] "GET / HTTP/1.1" - -
::1 - - [19/May/2025:19:36:31 +0000] "GET / HTTP/1.1" - -
::1 - - [19/May/2025:19:36:32 +0000] "GET / HTTP/1.1" - -
::1 - - [19/May/2025:19:36:32 +0000] "GET / HTTP/1.1" - -
::1 - - [19/May/2025:19:36:33 +0000] "GET / HTTP/1.1" - -
::1 - - [19/May/2025:19:37:32 +0000] "GET / HTTP/1.1" - -
::1 - - [19/May/2025:19:37:33 +0000] "GET / HTTP/1.1" - -
::1 - - [19/May/2025:19:37:41 +0000] "GET / HTTP/1.1" - -
::1 - - [19/May/2025:19:39:15 +0000] "GET / HTTP/1.1" 200 1215
::1 - - [19/May/2025:19:39:16 +0000] "GET /table HTTP/1.1" 304 -
::1 - - [19/May/2025:19:39:17 +0000] "GET /registr HTTP/1.1" 200 1502
::1 - - [19/May/2025:19:39:18 +0000] "GET /profile HTTP/1.1" 304 -
::1 - - [19/May/2025:19:39:20 +0000] "GET /login HTTP/1.1" 200 1518
::1 - - [19/May/2025:19:39:22 +0000] "GET /input HTTP/1.1" 200 1396
::1 - - [19/May/2025:19:39:25 +0000] "POST /inputData HTTP/1.1" 200 1545
::1 - - [19/May/2025:19:40:07 +0000] "GET /profile HTTP/1.1" 304 -
::1 - - [19/May/2025:19:40:09 +0000] "GET /update-password?newPassword=5 HTTP/1.1" 404 1223
::1 - - [19/May/2025:19:44:12 +0000] "GET /profile HTTP/1.1" 304 -
::1 - - [19/May/2025:19:44:15 +0000] "GET /update-password?newPassword=5 HTTP/1.1" 404 1223
::1 - - [19/May/2025:19:51:20 +0000] "GET /profile HTTP/1.1" 200 1575
::1 - - [19/May/2025:19:51:23 +0000] "PUT /update-password?_method=PUT HTTP/1.1" 302 47
::1 - - [19/May/2025:19:51:23 +0000] "GET /profile?success=1 HTTP/1.1" 200 1575
::1 - - [19/May/2025:19:52:12 +0000] "PUT /update-password?_method=PUT HTTP/1.1" 302 47
::1 - - [19/May/2025:19:52:12 +0000] "GET /profile?success=1 HTTP/1.1" 200 1579
::1 - - [19/May/2025:19:52:14 +0000] "GET /profile?success=1 HTTP/1.1" 304 -
::1 - - [19/May/2025:19:52:16 +0000] "GET /profile HTTP/1.1" 200 1579
::1 - - [19/May/2025:19:52:19 +0000] "PUT /update-password?_method=PUT HTTP/1.1" 302 47
::1 - - [19/May/2025:19:52:19 +0000] "GET /profile?success=1 HTTP/1.1" 304 -
::1 - - [19/May/2025:19:54:02 +0000] "GET /profile?success=1 HTTP/1.1" 304 -
::1 - - [19/May/2025:19:54:03 +0000] "GET /profile?success=1 HTTP/1.1" 304 -
::1 - - [19/May/2025:19:54:05 +0000] "GET /login HTTP/1.1" 304 -
::1 - - [19/May/2025:19:54:06 +0000] "GET /profile HTTP/1.1" 304 -
::1 - - [19/May/2025:19:54:09 +0000] "PUT /update-password?_method=PUT HTTP/1.1" 302 47
::1 - - [19/May/2025:19:54:09 +0000] "GET /profile?success=1 HTTP/1.1" 304 -
::1 - - [19/May/2025:19:55:59 +0000] "GET /profile?success=1 HTTP/1.1" 304 -
::1 - - [19/May/2025:19:56:00 +0000] "GET /profile HTTP/1.1" 304 -
::1 - - [19/May/2025:19:56:03 +0000] "PUT /update-password?_method=PUT HTTP/1.1" 302 47
::1 - - [19/May/2025:19:56:03 +0000] "GET /profile?success=1 HTTP/1.1" 304 -
::1 - - [19/May/2025:20:03:43 +0000] "GET /profile HTTP/1.1" 304 -
::1 - - [19/May/2025:20:03:46 +0000] "PUT /update-password?_method=PUT HTTP/1.1" 302 47
::1 - - [19/May/2025:20:03:46 +0000] "GET /profile?success=1 HTTP/1.1" 304 -
2025-05-19T20:04:11.831Z [ERROR 500] Unexpected token 'if' in C:\Media\Study\Web\laboratory_work\19_lab\with_express\views\profile.ejs while compiling ejs

If the above error is not helpful, you may want to try EJS-Lint:
https://github.com/RyanZim/EJS-Lint
Or, if you meant to create an async function, pass `async: true` as an option.
SyntaxError: Unexpected token 'if' in C:\Media\Study\Web\laboratory_work\19_lab\with_express\views\profile.ejs while compiling ejs

If the above error is not helpful, you may want to try EJS-Lint:
https://github.com/RyanZim/EJS-Lint
Or, if you meant to create an async function, pass `async: true` as an option.
    at new Function (<anonymous>)
    at Template.compile (C:\Media\Study\Web\laboratory_work\19_lab\with_express\node_modules\ejs\lib\ejs.js:673:12)
    at Object.compile (C:\Media\Study\Web\laboratory_work\19_lab\with_express\node_modules\ejs\lib\ejs.js:398:16)
    at handleCache (C:\Media\Study\Web\laboratory_work\19_lab\with_express\node_modules\ejs\lib\ejs.js:235:18)
    at tryHandleCache (C:\Media\Study\Web\laboratory_work\19_lab\with_express\node_modules\ejs\lib\ejs.js:274:16)
    at exports.renderFile [as engine] (C:\Media\Study\Web\laboratory_work\19_lab\with_express\node_modules\ejs\lib\ejs.js:491:10)
    at View.render (C:\Media\Study\Web\laboratory_work\19_lab\with_express\node_modules\express\lib\view.js:139:8)
    at tryRender (C:\Media\Study\Web\laboratory_work\19_lab\with_express\node_modules\express\lib\application.js:627:10)
    at Function.render (C:\Media\Study\Web\laboratory_work\19_lab\with_express\node_modules\express\lib\application.js:574:3)
    at ServerResponse.render (C:\Media\Study\Web\laboratory_work\19_lab\with_express\node_modules\express\lib\response.js:909:7)
::1 - - [19/May/2025:20:04:11 +0000] "GET /profile?success=1 HTTP/1.1" 500 1181
2025-05-19T20:04:16.771Z [ERROR 500] Unexpected token 'if' in C:\Media\Study\Web\laboratory_work\19_lab\with_express\views\profile.ejs while compiling ejs

If the above error is not helpful, you may want to try EJS-Lint:
https://github.com/RyanZim/EJS-Lint
Or, if you meant to create an async function, pass `async: true` as an option.
SyntaxError: Unexpected token 'if' in C:\Media\Study\Web\laboratory_work\19_lab\with_express\views\profile.ejs while compiling ejs

If the above error is not helpful, you may want to try EJS-Lint:
https://github.com/RyanZim/EJS-Lint
Or, if you meant to create an async function, pass `async: true` as an option.
    at new Function (<anonymous>)
    at Template.compile (C:\Media\Study\Web\laboratory_work\19_lab\with_express\node_modules\ejs\lib\ejs.js:673:12)
    at Object.compile (C:\Media\Study\Web\laboratory_work\19_lab\with_express\node_modules\ejs\lib\ejs.js:398:16)
    at handleCache (C:\Media\Study\Web\laboratory_work\19_lab\with_express\node_modules\ejs\lib\ejs.js:235:18)
    at tryHandleCache (C:\Media\Study\Web\laboratory_work\19_lab\with_express\node_modules\ejs\lib\ejs.js:274:16)
    at exports.renderFile [as engine] (C:\Media\Study\Web\laboratory_work\19_lab\with_express\node_modules\ejs\lib\ejs.js:491:10)
    at View.render (C:\Media\Study\Web\laboratory_work\19_lab\with_express\node_modules\express\lib\view.js:139:8)
    at tryRender (C:\Media\Study\Web\laboratory_work\19_lab\with_express\node_modules\express\lib\application.js:627:10)
    at Function.render (C:\Media\Study\Web\laboratory_work\19_lab\with_express\node_modules\express\lib\application.js:574:3)
    at ServerResponse.render (C:\Media\Study\Web\laboratory_work\19_lab\with_express\node_modules\express\lib\response.js:909:7)
::1 - - [19/May/2025:20:04:16 +0000] "GET /profile HTTP/1.1" 500 1181
2025-05-19T20:04:18.780Z [ERROR 500] Unexpected token 'if' in C:\Media\Study\Web\laboratory_work\19_lab\with_express\views\profile.ejs while compiling ejs

If the above error is not helpful, you may want to try EJS-Lint:
https://github.com/RyanZim/EJS-Lint
Or, if you meant to create an async function, pass `async: true` as an option.
SyntaxError: Unexpected token 'if' in C:\Media\Study\Web\laboratory_work\19_lab\with_express\views\profile.ejs while compiling ejs

If the above error is not helpful, you may want to try EJS-Lint:
https://github.com/RyanZim/EJS-Lint
Or, if you meant to create an async function, pass `async: true` as an option.
    at new Function (<anonymous>)
    at Template.compile (C:\Media\Study\Web\laboratory_work\19_lab\with_express\node_modules\ejs\lib\ejs.js:673:12)
    at Object.compile (C:\Media\Study\Web\laboratory_work\19_lab\with_express\node_modules\ejs\lib\ejs.js:398:16)
    at handleCache (C:\Media\Study\Web\laboratory_work\19_lab\with_express\node_modules\ejs\lib\ejs.js:235:18)
    at tryHandleCache (C:\Media\Study\Web\laboratory_work\19_lab\with_express\node_modules\ejs\lib\ejs.js:274:16)
    at exports.renderFile [as engine] (C:\Media\Study\Web\laboratory_work\19_lab\with_express\node_modules\ejs\lib\ejs.js:491:10)
    at View.render (C:\Media\Study\Web\laboratory_work\19_lab\with_express\node_modules\express\lib\view.js:139:8)
    at tryRender (C:\Media\Study\Web\laboratory_work\19_lab\with_express\node_modules\express\lib\application.js:627:10)
    at Function.render (C:\Media\Study\Web\laboratory_work\19_lab\with_express\node_modules\express\lib\application.js:574:3)
    at ServerResponse.render (C:\Media\Study\Web\laboratory_work\19_lab\with_express\node_modules\express\lib\response.js:909:7)
::1 - - [19/May/2025:20:04:18 +0000] "GET /profile HTTP/1.1" 500 1181
2025-05-19T20:04:19.467Z [ERROR 500] Unexpected token 'if' in C:\Media\Study\Web\laboratory_work\19_lab\with_express\views\profile.ejs while compiling ejs

If the above error is not helpful, you may want to try EJS-Lint:
https://github.com/RyanZim/EJS-Lint
Or, if you meant to create an async function, pass `async: true` as an option.
SyntaxError: Unexpected token 'if' in C:\Media\Study\Web\laboratory_work\19_lab\with_express\views\profile.ejs while compiling ejs

If the above error is not helpful, you may want to try EJS-Lint:
https://github.com/RyanZim/EJS-Lint
Or, if you meant to create an async function, pass `async: true` as an option.
    at new Function (<anonymous>)
    at Template.compile (C:\Media\Study\Web\laboratory_work\19_lab\with_express\node_modules\ejs\lib\ejs.js:673:12)
    at Object.compile (C:\Media\Study\Web\laboratory_work\19_lab\with_express\node_modules\ejs\lib\ejs.js:398:16)
    at handleCache (C:\Media\Study\Web\laboratory_work\19_lab\with_express\node_modules\ejs\lib\ejs.js:235:18)
    at tryHandleCache (C:\Media\Study\Web\laboratory_work\19_lab\with_express\node_modules\ejs\lib\ejs.js:274:16)
    at exports.renderFile [as engine] (C:\Media\Study\Web\laboratory_work\19_lab\with_express\node_modules\ejs\lib\ejs.js:491:10)
    at View.render (C:\Media\Study\Web\laboratory_work\19_lab\with_express\node_modules\express\lib\view.js:139:8)
    at tryRender (C:\Media\Study\Web\laboratory_work\19_lab\with_express\node_modules\express\lib\application.js:627:10)
    at Function.render (C:\Media\Study\Web\laboratory_work\19_lab\with_express\node_modules\express\lib\application.js:574:3)
    at ServerResponse.render (C:\Media\Study\Web\laboratory_work\19_lab\with_express\node_modules\express\lib\response.js:909:7)
::1 - - [19/May/2025:20:04:19 +0000] "GET /profile HTTP/1.1" 500 1181
2025-05-19T20:04:20.152Z [ERROR 500] Unexpected token 'if' in C:\Media\Study\Web\laboratory_work\19_lab\with_express\views\profile.ejs while compiling ejs

If the above error is not helpful, you may want to try EJS-Lint:
https://github.com/RyanZim/EJS-Lint
Or, if you meant to create an async function, pass `async: true` as an option.
SyntaxError: Unexpected token 'if' in C:\Media\Study\Web\laboratory_work\19_lab\with_express\views\profile.ejs while compiling ejs

If the above error is not helpful, you may want to try EJS-Lint:
https://github.com/RyanZim/EJS-Lint
Or, if you meant to create an async function, pass `async: true` as an option.
    at new Function (<anonymous>)
    at Template.compile (C:\Media\Study\Web\laboratory_work\19_lab\with_express\node_modules\ejs\lib\ejs.js:673:12)
    at Object.compile (C:\Media\Study\Web\laboratory_work\19_lab\with_express\node_modules\ejs\lib\ejs.js:398:16)
    at handleCache (C:\Media\Study\Web\laboratory_work\19_lab\with_express\node_modules\ejs\lib\ejs.js:235:18)
    at tryHandleCache (C:\Media\Study\Web\laboratory_work\19_lab\with_express\node_modules\ejs\lib\ejs.js:274:16)
    at exports.renderFile [as engine] (C:\Media\Study\Web\laboratory_work\19_lab\with_express\node_modules\ejs\lib\ejs.js:491:10)
    at View.render (C:\Media\Study\Web\laboratory_work\19_lab\with_express\node_modules\express\lib\view.js:139:8)
    at tryRender (C:\Media\Study\Web\laboratory_work\19_lab\with_express\node_modules\express\lib\application.js:627:10)
    at Function.render (C:\Media\Study\Web\laboratory_work\19_lab\with_express\node_modules\express\lib\application.js:574:3)
    at ServerResponse.render (C:\Media\Study\Web\laboratory_work\19_lab\with_express\node_modules\express\lib\response.js:909:7)
::1 - - [19/May/2025:20:04:20 +0000] "GET /profile HTTP/1.1" 500 1181
2025-05-19T20:04:20.903Z [ERROR 500] Unexpected token 'if' in C:\Media\Study\Web\laboratory_work\19_lab\with_express\views\profile.ejs while compiling ejs

If the above error is not helpful, you may want to try EJS-Lint:
https://github.com/RyanZim/EJS-Lint
Or, if you meant to create an async function, pass `async: true` as an option.
SyntaxError: Unexpected token 'if' in C:\Media\Study\Web\laboratory_work\19_lab\with_express\views\profile.ejs while compiling ejs

If the above error is not helpful, you may want to try EJS-Lint:
https://github.com/RyanZim/EJS-Lint
Or, if you meant to create an async function, pass `async: true` as an option.
    at new Function (<anonymous>)
    at Template.compile (C:\Media\Study\Web\laboratory_work\19_lab\with_express\node_modules\ejs\lib\ejs.js:673:12)
    at Object.compile (C:\Media\Study\Web\laboratory_work\19_lab\with_express\node_modules\ejs\lib\ejs.js:398:16)
    at handleCache (C:\Media\Study\Web\laboratory_work\19_lab\with_express\node_modules\ejs\lib\ejs.js:235:18)
    at tryHandleCache (C:\Media\Study\Web\laboratory_work\19_lab\with_express\node_modules\ejs\lib\ejs.js:274:16)
    at exports.renderFile [as engine] (C:\Media\Study\Web\laboratory_work\19_lab\with_express\node_modules\ejs\lib\ejs.js:491:10)
    at View.render (C:\Media\Study\Web\laboratory_work\19_lab\with_express\node_modules\express\lib\view.js:139:8)
    at tryRender (C:\Media\Study\Web\laboratory_work\19_lab\with_express\node_modules\express\lib\application.js:627:10)
    at Function.render (C:\Media\Study\Web\laboratory_work\19_lab\with_express\node_modules\express\lib\application.js:574:3)
    at ServerResponse.render (C:\Media\Study\Web\laboratory_work\19_lab\with_express\node_modules\express\lib\response.js:909:7)
::1 - - [19/May/2025:20:04:20 +0000] "GET /profile HTTP/1.1" 500 1181
2025-05-19T20:04:21.623Z [ERROR 500] Unexpected token 'if' in C:\Media\Study\Web\laboratory_work\19_lab\with_express\views\profile.ejs while compiling ejs

If the above error is not helpful, you may want to try EJS-Lint:
https://github.com/RyanZim/EJS-Lint
Or, if you meant to create an async function, pass `async: true` as an option.
SyntaxError: Unexpected token 'if' in C:\Media\Study\Web\laboratory_work\19_lab\with_express\views\profile.ejs while compiling ejs

If the above error is not helpful, you may want to try EJS-Lint:
https://github.com/RyanZim/EJS-Lint
Or, if you meant to create an async function, pass `async: true` as an option.
    at new Function (<anonymous>)
    at Template.compile (C:\Media\Study\Web\laboratory_work\19_lab\with_express\node_modules\ejs\lib\ejs.js:673:12)
    at Object.compile (C:\Media\Study\Web\laboratory_work\19_lab\with_express\node_modules\ejs\lib\ejs.js:398:16)
    at handleCache (C:\Media\Study\Web\laboratory_work\19_lab\with_express\node_modules\ejs\lib\ejs.js:235:18)
    at tryHandleCache (C:\Media\Study\Web\laboratory_work\19_lab\with_express\node_modules\ejs\lib\ejs.js:274:16)
    at exports.renderFile [as engine] (C:\Media\Study\Web\laboratory_work\19_lab\with_express\node_modules\ejs\lib\ejs.js:491:10)
    at View.render (C:\Media\Study\Web\laboratory_work\19_lab\with_express\node_modules\express\lib\view.js:139:8)
    at tryRender (C:\Media\Study\Web\laboratory_work\19_lab\with_express\node_modules\express\lib\application.js:627:10)
    at Function.render (C:\Media\Study\Web\laboratory_work\19_lab\with_express\node_modules\express\lib\application.js:574:3)
    at ServerResponse.render (C:\Media\Study\Web\laboratory_work\19_lab\with_express\node_modules\express\lib\response.js:909:7)
::1 - - [19/May/2025:20:04:21 +0000] "GET /profile HTTP/1.1" 500 1181
2025-05-19T20:04:22.422Z [ERROR 500] Unexpected token 'if' in C:\Media\Study\Web\laboratory_work\19_lab\with_express\views\profile.ejs while compiling ejs

If the above error is not helpful, you may want to try EJS-Lint:
https://github.com/RyanZim/EJS-Lint
Or, if you meant to create an async function, pass `async: true` as an option.
SyntaxError: Unexpected token 'if' in C:\Media\Study\Web\laboratory_work\19_lab\with_express\views\profile.ejs while compiling ejs

If the above error is not helpful, you may want to try EJS-Lint:
https://github.com/RyanZim/EJS-Lint
Or, if you meant to create an async function, pass `async: true` as an option.
    at new Function (<anonymous>)
    at Template.compile (C:\Media\Study\Web\laboratory_work\19_lab\with_express\node_modules\ejs\lib\ejs.js:673:12)
    at Object.compile (C:\Media\Study\Web\laboratory_work\19_lab\with_express\node_modules\ejs\lib\ejs.js:398:16)
    at handleCache (C:\Media\Study\Web\laboratory_work\19_lab\with_express\node_modules\ejs\lib\ejs.js:235:18)
    at tryHandleCache (C:\Media\Study\Web\laboratory_work\19_lab\with_express\node_modules\ejs\lib\ejs.js:274:16)
    at exports.renderFile [as engine] (C:\Media\Study\Web\laboratory_work\19_lab\with_express\node_modules\ejs\lib\ejs.js:491:10)
    at View.render (C:\Media\Study\Web\laboratory_work\19_lab\with_express\node_modules\express\lib\view.js:139:8)
    at tryRender (C:\Media\Study\Web\laboratory_work\19_lab\with_express\node_modules\express\lib\application.js:627:10)
    at Function.render (C:\Media\Study\Web\laboratory_work\19_lab\with_express\node_modules\express\lib\application.js:574:3)
    at ServerResponse.render (C:\Media\Study\Web\laboratory_work\19_lab\with_express\node_modules\express\lib\response.js:909:7)
::1 - - [19/May/2025:20:04:22 +0000] "GET /profile HTTP/1.1" 500 1181
2025-05-19T20:04:23.036Z [ERROR 500] Unexpected token 'if' in C:\Media\Study\Web\laboratory_work\19_lab\with_express\views\profile.ejs while compiling ejs

If the above error is not helpful, you may want to try EJS-Lint:
https://github.com/RyanZim/EJS-Lint
Or, if you meant to create an async function, pass `async: true` as an option.
SyntaxError: Unexpected token 'if' in C:\Media\Study\Web\laboratory_work\19_lab\with_express\views\profile.ejs while compiling ejs

If the above error is not helpful, you may want to try EJS-Lint:
https://github.com/RyanZim/EJS-Lint
Or, if you meant to create an async function, pass `async: true` as an option.
    at new Function (<anonymous>)
    at Template.compile (C:\Media\Study\Web\laboratory_work\19_lab\with_express\node_modules\ejs\lib\ejs.js:673:12)
    at Object.compile (C:\Media\Study\Web\laboratory_work\19_lab\with_express\node_modules\ejs\lib\ejs.js:398:16)
    at handleCache (C:\Media\Study\Web\laboratory_work\19_lab\with_express\node_modules\ejs\lib\ejs.js:235:18)
    at tryHandleCache (C:\Media\Study\Web\laboratory_work\19_lab\with_express\node_modules\ejs\lib\ejs.js:274:16)
    at exports.renderFile [as engine] (C:\Media\Study\Web\laboratory_work\19_lab\with_express\node_modules\ejs\lib\ejs.js:491:10)
    at View.render (C:\Media\Study\Web\laboratory_work\19_lab\with_express\node_modules\express\lib\view.js:139:8)
    at tryRender (C:\Media\Study\Web\laboratory_work\19_lab\with_express\node_modules\express\lib\application.js:627:10)
    at Function.render (C:\Media\Study\Web\laboratory_work\19_lab\with_express\node_modules\express\lib\application.js:574:3)
    at ServerResponse.render (C:\Media\Study\Web\laboratory_work\19_lab\with_express\node_modules\express\lib\response.js:909:7)
::1 - - [19/May/2025:20:04:23 +0000] "GET /profile HTTP/1.1" 500 1181
::1 - - [19/May/2025:20:04:56 +0000] "GET / HTTP/1.1" 200 1215
::1 - - [19/May/2025:20:04:57 +0000] "GET /text HTTP/1.1" 304 -
::1 - - [19/May/2025:20:04:58 +0000] "GET /input HTTP/1.1" 304 -
::1 - - [19/May/2025:20:05:01 +0000] "GET /table HTTP/1.1" 304 -
::1 - - [19/May/2025:20:05:03 +0000] "GET /login HTTP/1.1" 304 -
2025-05-19T20:05:04.148Z [ERROR 500] Unexpected token 'if' in C:\Media\Study\Web\laboratory_work\19_lab\with_express\views\profile.ejs while compiling ejs

If the above error is not helpful, you may want to try EJS-Lint:
https://github.com/RyanZim/EJS-Lint
Or, if you meant to create an async function, pass `async: true` as an option.
SyntaxError: Unexpected token 'if' in C:\Media\Study\Web\laboratory_work\19_lab\with_express\views\profile.ejs while compiling ejs

If the above error is not helpful, you may want to try EJS-Lint:
https://github.com/RyanZim/EJS-Lint
Or, if you meant to create an async function, pass `async: true` as an option.
    at new Function (<anonymous>)
    at Template.compile (C:\Media\Study\Web\laboratory_work\19_lab\with_express\node_modules\ejs\lib\ejs.js:673:12)
    at Object.compile (C:\Media\Study\Web\laboratory_work\19_lab\with_express\node_modules\ejs\lib\ejs.js:398:16)
    at handleCache (C:\Media\Study\Web\laboratory_work\19_lab\with_express\node_modules\ejs\lib\ejs.js:235:18)
    at tryHandleCache (C:\Media\Study\Web\laboratory_work\19_lab\with_express\node_modules\ejs\lib\ejs.js:274:16)
    at exports.renderFile [as engine] (C:\Media\Study\Web\laboratory_work\19_lab\with_express\node_modules\ejs\lib\ejs.js:491:10)
    at View.render (C:\Media\Study\Web\laboratory_work\19_lab\with_express\node_modules\express\lib\view.js:139:8)
    at tryRender (C:\Media\Study\Web\laboratory_work\19_lab\with_express\node_modules\express\lib\application.js:627:10)
    at Function.render (C:\Media\Study\Web\laboratory_work\19_lab\with_express\node_modules\express\lib\application.js:574:3)
    at ServerResponse.render (C:\Media\Study\Web\laboratory_work\19_lab\with_express\node_modules\express\lib\response.js:909:7)
::1 - - [19/May/2025:20:05:04 +0000] "GET /profile HTTP/1.1" 500 1181
::1 - - [19/May/2025:20:07:32 +0000] "GET /profile HTTP/1.1" 200 1579
::1 - - [19/May/2025:20:07:35 +0000] "PUT /update-password?_method=PUT HTTP/1.1" 302 47
::1 - - [19/May/2025:20:07:35 +0000] "GET /profile?success=1 HTTP/1.1" 200 1579
::1 - - [19/May/2025:20:08:51 +0000] "GET /profile?success=1 HTTP/1.1" 200 1657
::1 - - [19/May/2025:21:10:54 +0000] "GET / HTTP/1.1" 304 -
::1 - - [19/May/2025:21:10:56 +0000] "GET /profile HTTP/1.1" 200 1922
::1 - - [19/May/2025:21:11:04 +0000] "PUT /update-password?_method=PUT HTTP/1.1" 302 47
::1 - - [19/May/2025:21:11:04 +0000] "GET /profile?success=1 HTTP/1.1" 200 2000
::1 - - [19/May/2025:21:11:09 +0000] "DELETE /update-password?_method=DELETE HTTP/1.1" 404 1223
::1 - - [19/May/2025:21:12:01 +0000] "GET /profile?success=1 HTTP/1.1" 200 1996
::1 - - [19/May/2025:21:12:04 +0000] "DELETE /delete-user?_method=DELETE HTTP/1.1" 302 30
::1 - - [19/May/2025:21:12:04 +0000] "GET / HTTP/1.1" 304 -
::1 - - [19/May/2025:21:12:06 +0000] "GET /profile HTTP/1.1" 302 35
::1 - - [19/May/2025:21:12:06 +0000] "GET /login HTTP/1.1" 304 -
::1 - - [19/May/2025:21:31:15 +0000] "GET /templates/profile.ejs HTTP/1.1" 404 1223
::1 - - [19/May/2025:21:42:59 +0000] "GET /login HTTP/1.1" 200 1518
::1 - - [19/May/2025:21:43:57 +0000] "POST /register HTTP/1.1" 404 1223
::1 - - [19/May/2025:21:44:05 +0000] "GET /registr HTTP/1.1" 304 -
::1 - - [19/May/2025:21:44:11 +0000] "POST /registr HTTP/1.1" 302 30
::1 - - [19/May/2025:21:44:11 +0000] "GET /profile HTTP/1.1" 200 1910
::1 - - [19/May/2025:21:45:37 +0000] "GET /registr HTTP/1.1" 200 1502
::1 - - [19/May/2025:21:53:04 +0000] "GET / HTTP/1.1" 200 1215
::1 - - [19/May/2025:21:53:04 +0000] "GET /.well-known/appspecific/com.chrome.devtools.json HTTP/1.1" 404 1223
::1 - - [19/May/2025:21:53:05 +0000] "GET /profile HTTP/1.1" 302 35
::1 - - [19/May/2025:21:53:06 +0000] "GET /login HTTP/1.1" 200 1518
::1 - - [19/May/2025:21:53:06 +0000] "GET /.well-known/appspecific/com.chrome.devtools.json HTTP/1.1" 404 1223
::1 - - [19/May/2025:21:53:07 +0000] "GET / HTTP/1.1" 304 -
::1 - - [19/May/2025:21:53:07 +0000] "GET /.well-known/appspecific/com.chrome.devtools.json HTTP/1.1" 404 1223
::1 - - [19/May/2025:21:53:51 +0000] "GET /registr HTTP/1.1" 304 -
::1 - - [19/May/2025:21:53:51 +0000] "GET /.well-known/appspecific/com.chrome.devtools.json HTTP/1.1" 404 1223
::1 - - [19/May/2025:21:54:35 +0000] "POST /registr HTTP/1.1" 302 37
::1 - - [19/May/2025:21:54:36 +0000] "GET /profile HTTP/1.1" 200 1918
::1 - - [19/May/2025:21:54:36 +0000] "GET /.well-known/appspecific/com.chrome.devtools.json HTTP/1.1" 404 1223
::1 - - [19/May/2025:21:56:45 +0000] "PUT /update-password?_method=PUT HTTP/1.1" 302 47
::1 - - [19/May/2025:21:56:45 +0000] "GET /profile?success=1 HTTP/1.1" 304 -
::1 - - [19/May/2025:21:56:45 +0000] "GET /.well-known/appspecific/com.chrome.devtools.json HTTP/1.1" 404 1223
::1 - - [19/May/2025:21:57:55 +0000] "GET /profile HTTP/1.1" 304 -
::1 - - [19/May/2025:21:57:55 +0000] "GET /.well-known/appspecific/com.chrome.devtools.json HTTP/1.1" 404 1223
::1 - - [19/May/2025:21:58:14 +0000] "DELETE /delete-user?_method=DELETE HTTP/1.1" 302 30
::1 - - [19/May/2025:21:58:14 +0000] "GET / HTTP/1.1" 304 -
::1 - - [19/May/2025:21:58:14 +0000] "GET /.well-known/appspecific/com.chrome.devtools.json HTTP/1.1" 404 1223
::1 - - [19/May/2025:23:10:10 +0000] "GET /input HTTP/1.1" 304 -
::1 - - [19/May/2025:23:10:10 +0000] "GET /.well-known/appspecific/com.chrome.devtools.json HTTP/1.1" 404 1223
::1 - - [19/May/2025:23:10:12 +0000] "POST /inputData HTTP/1.1" 302 45
::1 - - [19/May/2025:23:10:12 +0000] "GET /input?success=1 HTTP/1.1" 200 1545
::1 - - [19/May/2025:23:10:13 +0000] "GET /.well-known/appspecific/com.chrome.devtools.json HTTP/1.1" 404 1223
::1 - - [19/May/2025:23:16:05 +0000] "GET /login HTTP/1.1" 304 -
::1 - - [19/May/2025:23:16:05 +0000] "GET /.well-known/appspecific/com.chrome.devtools.json HTTP/1.1" 404 1223
::1 - - [19/May/2025:23:16:09 +0000] "POST /login HTTP/1.1" 302 178
::1 - - [19/May/2025:23:16:09 +0000] "GET /login??error=%D0%9E%D1%88%D0%B8%D0%B1%D0%BA%D0%B0%20%D0%BB%D0%BE%D0%B3%D0%B8%D0%BD%D0%B0%20%D0%B8%D0%BB%D0%B8%20%D0%BF%D0%B0%D1%80%D0%BE%D0%BB%D1%8F HTTP/1.1" 200 1518
::1 - - [19/May/2025:23:16:09 +0000] "GET /.well-known/appspecific/com.chrome.devtools.json HTTP/1.1" 404 1223
::1 - - [19/May/2025:23:16:31 +0000] "GET /login??error=%D0%9E%D1%88%D0%B8%D0%B1%D0%BA%D0%B0%20%D0%BB%D0%BE%D0%B3%D0%B8%D0%BD%D0%B0%20%D0%B8%D0%BB%D0%B8%20%D0%BF%D0%B0%D1%80%D0%BE%D0%BB%D1%8F HTTP/1.1" 304 -
::1 - - [19/May/2025:23:16:31 +0000] "GET /.well-known/appspecific/com.chrome.devtools.json HTTP/1.1" 404 1223
::1 - - [19/May/2025:23:16:33 +0000] "GET /login??error=%D0%9E%D1%88%D0%B8%D0%B1%D0%BA%D0%B0%20%D0%BB%D0%BE%D0%B3%D0%B8%D0%BD%D0%B0%20%D0%B8%D0%BB%D0%B8%20%D0%BF%D0%B0%D1%80%D0%BE%D0%BB%D1%8F HTTP/1.1" 304 -
::1 - - [19/May/2025:23:16:33 +0000] "GET /.well-known/appspecific/com.chrome.devtools.json HTTP/1.1" 404 1223
::1 - - [19/May/2025:23:16:36 +0000] "GET /login?error=%D0%9E%D1%88%D0%B8%D0%B1%D0%BA%D0%B0%20%D0%BB%D0%BE%D0%B3%D0%B8%D0%BD%D0%B0%20%D0%B8%D0%BB%D0%B8%20%D0%BF%D0%B0%D1%80%D0%BE%D0%BB%D1%8F HTTP/1.1" 200 1606
::1 - - [19/May/2025:23:16:36 +0000] "GET /.well-known/appspecific/com.chrome.devtools.json HTTP/1.1" 404 1223
::1 - - [19/May/2025:23:16:40 +0000] "GET /login HTTP/1.1" 200 1518
::1 - - [19/May/2025:23:16:40 +0000] "GET /.well-known/appspecific/com.chrome.devtools.json HTTP/1.1" 404 1223
::1 - - [19/May/2025:23:16:44 +0000] "POST /login HTTP/1.1" 302 177
::1 - - [19/May/2025:23:16:44 +0000] "GET /login?error=%D0%9E%D1%88%D0%B8%D0%B1%D0%BA%D0%B0%20%D0%BB%D0%BE%D0%B3%D0%B8%D0%BD%D0%B0%20%D0%B8%D0%BB%D0%B8%20%D0%BF%D0%B0%D1%80%D0%BE%D0%BB%D1%8F HTTP/1.1" 304 -
::1 - - [19/May/2025:23:16:44 +0000] "GET /.well-known/appspecific/com.chrome.devtools.json HTTP/1.1" 404 1223
::1 - - [20/May/2025:00:14:17 +0000] "GET / HTTP/1.1" 304 -
::1 - - [20/May/2025:00:14:17 +0000] "GET /.well-known/appspecific/com.chrome.devtools.json HTTP/1.1" 404 1223
::1 - - [20/May/2025:00:14:24 +0000] "GET / HTTP/1.1" 304 -
::1 - - [20/May/2025:00:14:24 +0000] "GET /.well-known/appspecific/com.chrome.devtools.json HTTP/1.1" 404 1223
::1 - - [20/May/2025:00:14:30 +0000] "GET /text HTTP/1.1" 304 -
::1 - - [20/May/2025:00:14:30 +0000] "GET /.well-known/appspecific/com.chrome.devtools.json HTTP/1.1" 404 1223
::1 - - [20/May/2025:00:14:34 +0000] "GET / HTTP/1.1" 304 -
::1 - - [20/May/2025:00:14:35 +0000] "GET /.well-known/appspecific/com.chrome.devtools.json HTTP/1.1" 404 1223
::1 - - [20/May/2025:00:14:36 +0000] "GET /text HTTP/1.1" 304 -
::1 - - [20/May/2025:00:14:36 +0000] "GET /.well-known/appspecific/com.chrome.devtools.json HTTP/1.1" 404 1223
::1 - - [20/May/2025:00:14:42 +0000] "GET /input HTTP/1.1" 304 -
::1 - - [20/May/2025:00:14:43 +0000] "GET /.well-known/appspecific/com.chrome.devtools.json HTTP/1.1" 404 1223
::1 - - [20/May/2025:00:14:43 +0000] "GET / HTTP/1.1" 304 -
::1 - - [20/May/2025:00:14:43 +0000] "GET /.well-known/appspecific/com.chrome.devtools.json HTTP/1.1" 404 1223
::1 - - [20/May/2025:00:14:45 +0000] "GET /login HTTP/1.1" 200 1518
::1 - - [20/May/2025:00:14:46 +0000] "GET /.well-known/appspecific/com.chrome.devtools.json HTTP/1.1" 404 1223
::1 - - [20/May/2025:00:14:46 +0000] "GET /login HTTP/1.1" 304 -
::1 - - [20/May/2025:00:14:46 +0000] "GET /.well-known/appspecific/com.chrome.devtools.json HTTP/1.1" 404 1223
::1 - - [20/May/2025:00:14:47 +0000] "GET / HTTP/1.1" 304 -
::1 - - [20/May/2025:00:14:47 +0000] "GET /.well-known/appspecific/com.chrome.devtools.json HTTP/1.1" 404 1223
::1 - - [20/May/2025:00:17:27 +0000] "GET / HTTP/1.1" 304 -
::1 - - [20/May/2025:00:17:27 +0000] "GET /.well-known/appspecific/com.chrome.devtools.json HTTP/1.1" 404 1223
::1 - - [20/May/2025:00:18:14 +0000] "GET / HTTP/1.1" 304 -
::1 - - [20/May/2025:00:18:15 +0000] "GET /.well-known/appspecific/com.chrome.devtools.json HTTP/1.1" 404 1223
::1 - - [20/May/2025:00:18:47 +0000] "GET / HTTP/1.1" 304 -
::1 - - [20/May/2025:00:18:47 +0000] "GET /.well-known/appspecific/com.chrome.devtools.json HTTP/1.1" 404 1223
::1 - - [20/May/2025:00:22:33 +0000] "GET / HTTP/1.1" 304 -
::1 - - [20/May/2025:00:22:33 +0000] "GET /.well-known/appspecific/com.chrome.devtools.json HTTP/1.1" 404 1223
::1 - - [20/May/2025:00:23:24 +0000] "GET / HTTP/1.1" 304 -
::1 - - [20/May/2025:00:23:24 +0000] "GET /.well-known/appspecific/com.chrome.devtools.json HTTP/1.1" 404 1223
::1 - - [20/May/2025:00:25:02 +0000] "GET / HTTP/1.1" 304 -
::1 - - [20/May/2025:00:25:02 +0000] "GET /.well-known/appspecific/com.chrome.devtools.json HTTP/1.1" 404 1223
::1 - - [21/May/2025:04:21:31 +0000] "GET / HTTP/1.1" 304 -
::1 - - [21/May/2025:04:21:31 +0000] "GET /favicon.ico HTTP/1.1" 404 1223
::1 - - [21/May/2025:04:21:32 +0000] "GET /text HTTP/1.1" 304 -
::1 - - [21/May/2025:04:21:32 +0000] "GET /input HTTP/1.1" 304 -
::1 - - [21/May/2025:04:21:33 +0000] "GET /table HTTP/1.1" 304 -
::1 - - [21/May/2025:04:21:34 +0000] "GET /login HTTP/1.1" 304 -
::1 - - [21/May/2025:04:21:35 +0000] "GET /registr HTTP/1.1" 200 1502
::1 - - [21/May/2025:04:21:36 +0000] "GET /profile HTTP/1.1" 302 35
::1 - - [21/May/2025:04:21:36 +0000] "GET /login HTTP/1.1" 304 -
::1 - - [21/May/2025:04:21:37 +0000] "GET /input HTTP/1.1" 304 -
::1 - - [21/May/2025:04:21:40 +0000] "POST /inputData HTTP/1.1" 302 45
::1 - - [21/May/2025:04:21:40 +0000] "GET /input?success=1 HTTP/1.1" 304 -
::1 - - [21/May/2025:04:22:35 +0000] "GET /profile HTTP/1.1" 302 35
::1 - - [21/May/2025:04:22:35 +0000] "GET /login HTTP/1.1" 304 -
::1 - - [21/May/2025:04:22:39 +0000] "POST /login HTTP/1.1" 302 177
::1 - - [21/May/2025:04:22:40 +0000] "GET /login?error=%D0%9E%D1%88%D0%B8%D0%B1%D0%BA%D0%B0%20%D0%BB%D0%BE%D0%B3%D0%B8%D0%BD%D0%B0%20%D0%B8%D0%BB%D0%B8%20%D0%BF%D0%B0%D1%80%D0%BE%D0%BB%D1%8F HTTP/1.1" 304 -
::1 - - [21/May/2025:04:22:42 +0000] "GET /login HTTP/1.1" 200 1518
::1 - - [21/May/2025:04:22:43 +0000] "GET /registr HTTP/1.1" 304 -
::1 - - [21/May/2025:04:22:49 +0000] "POST /registr HTTP/1.1" 302 37
::1 - - [21/May/2025:04:22:49 +0000] "GET /profile HTTP/1.1" 200 1918
::1 - - [21/May/2025:04:22:50 +0000] "GET /profile HTTP/1.1" 304 -
::1 - - [21/May/2025:04:22:52 +0000] "GET /profile HTTP/1.1" 304 -
::1 - - [21/May/2025:04:22:53 +0000] "GET /table HTTP/1.1" 304 -
::ffff:127.0.0.1 - - [21/May/2025:04:22:53 +0000] "GET /login HTTP/1.1" 304 -
::1 - - [21/May/2025:04:22:57 +0000] "GET /profile HTTP/1.1" 304 -
::1 - - [21/May/2025:04:23:01 +0000] "POST /logout HTTP/1.1" 302 30
::1 - - [21/May/2025:04:23:01 +0000] "GET / HTTP/1.1" 304 -
::1 - - [21/May/2025:04:23:03 +0000] "GET /login HTTP/1.1" 304 -
::1 - - [21/May/2025:04:23:09 +0000] "POST /login HTTP/1.1" 302 177
::1 - - [21/May/2025:04:23:09 +0000] "GET /login?error=%D0%9E%D1%88%D0%B8%D0%B1%D0%BA%D0%B0%20%D0%BB%D0%BE%D0%B3%D0%B8%D0%BD%D0%B0%20%D0%B8%D0%BB%D0%B8%20%D0%BF%D0%B0%D1%80%D0%BE%D0%BB%D1%8F HTTP/1.1" 304 -
::1 - - [21/May/2025:04:23:20 +0000] "POST /login HTTP/1.1" 302 177
::1 - - [21/May/2025:04:23:20 +0000] "GET /login?error=%D0%9E%D1%88%D0%B8%D0%B1%D0%BA%D0%B0%20%D0%BB%D0%BE%D0%B3%D0%B8%D0%BD%D0%B0%20%D0%B8%D0%BB%D0%B8%20%D0%BF%D0%B0%D1%80%D0%BE%D0%BB%D1%8F HTTP/1.1" 304 -
::1 - - [21/May/2025:04:25:47 +0000] "POST /login HTTP/1.1" 302 37
::1 - - [21/May/2025:04:25:47 +0000] "GET /profile HTTP/1.1" 304 -
::1 - - [21/May/2025:04:25:53 +0000] "PUT /update-password?_method=PUT HTTP/1.1" 302 47
::1 - - [21/May/2025:04:25:53 +0000] "GET /profile?success=1 HTTP/1.1" 304 -
::1 - - [21/May/2025:04:26:04 +0000] "DELETE /delete-user?_method=DELETE HTTP/1.1" 302 30
::1 - - [21/May/2025:04:26:04 +0000] "GET / HTTP/1.1" 304 -
::ffff:172.18.0.1 - - [21/May/2025:07:42:49 +0000] "GET / HTTP/1.1" 200 1215
::ffff:172.18.0.1 - - [21/May/2025:07:50:25 +0000] "GET / HTTP/1.1" 200 1215
::ffff:172.18.0.1 - - [21/May/2025:07:50:25 +0000] "GET /favicon.ico HTTP/1.1" 404 1223
::ffff:172.18.0.1 - - [21/May/2025:07:52:31 +0000] "GET / HTTP/1.1" 200 1215
::ffff:172.18.0.1 - - [21/May/2025:07:52:31 +0000] "GET /favicon.ico HTTP/1.1" 404 1223
::ffff:172.18.0.1 - - [21/May/2025:07:52:43 +0000] "GET / HTTP/1.1" 304 -
::ffff:172.18.0.1 - - [21/May/2025:07:52:44 +0000] "GET /text HTTP/1.1" 200 1139
::ffff:172.18.0.1 - - [21/May/2025:07:52:45 +0000] "GET /input HTTP/1.1" 200 1396
::ffff:172.18.0.1 - - [21/May/2025:07:52:46 +0000] "GET /table HTTP/1.1" 200 1653
::ffff:172.18.0.1 - - [21/May/2025:07:52:48 +0000] "GET /text HTTP/1.1" 304 -
::ffff:172.18.0.1 - - [21/May/2025:07:52:49 +0000] "GET /login HTTP/1.1" 200 1518
::ffff:172.18.0.1 - - [21/May/2025:07:52:50 +0000] "GET /registr HTTP/1.1" 200 1502
::ffff:172.18.0.1 - - [21/May/2025:07:52:51 +0000] "GET /profile HTTP/1.1" 302 35
::ffff:172.18.0.1 - - [21/May/2025:07:52:51 +0000] "GET /login HTTP/1.1" 304 -
::ffff:172.18.0.1 - - [21/May/2025:07:52:53 +0000] "GET / HTTP/1.1" 304 -
::ffff:172.18.0.1 - - [21/May/2025:07:53:57 +0000] "GET / HTTP/1.1" 200 1215
::ffff:172.18.0.1 - - [21/May/2025:07:53:57 +0000] "GET /favicon.ico HTTP/1.1" 404 1223
::ffff:172.18.0.1 - - [21/May/2025:07:56:27 +0000] "GET / HTTP/1.1" 304 -
::ffff:172.18.0.1 - - [21/May/2025:07:56:28 +0000] "GET /input HTTP/1.1" 200 1396
::ffff:172.18.0.1 - - [21/May/2025:07:58:15 +0000] "GET / HTTP/1.1" 200 1215
::ffff:172.18.0.1 - - [21/May/2025:07:58:15 +0000] "GET /favicon.ico HTTP/1.1" 404 1223
::ffff:172.19.0.1 - - [26/May/2025:20:29:29 +0000] "GET /profile HTTP/1.1" 302 35
::ffff:172.19.0.1 - - [26/May/2025:20:29:29 +0000] "GET /login HTTP/1.1" 200 1518
::ffff:172.19.0.1 - - [26/May/2025:20:29:30 +0000] "GET /login HTTP/1.1" 304 -
::ffff:172.19.0.1 - - [26/May/2025:20:29:38 +0000] "POST /login HTTP/1.1" 302 177
::ffff:172.19.0.1 - - [26/May/2025:20:29:38 +0000] "GET /login?error=%D0%9E%D1%88%D0%B8%D0%B1%D0%BA%D0%B0%20%D0%BB%D0%BE%D0%B3%D0%B8%D0%BD%D0%B0%20%D0%B8%D0%BB%D0%B8%20%D0%BF%D0%B0%D1%80%D0%BE%D0%BB%D1%8F HTTP/1.1" 304 -
::ffff:172.19.0.1 - - [26/May/2025:20:29:43 +0000] "GET /registr HTTP/1.1" 200 1502
::ffff:172.19.0.1 - - [26/May/2025:20:29:47 +0000] "POST /registr HTTP/1.1" 302 37
::ffff:172.19.0.1 - - [26/May/2025:20:29:47 +0000] "GET /profile HTTP/1.1" 200 1918
::ffff:172.19.0.1 - - [26/May/2025:20:29:51 +0000] "PUT /update-password?_method=PUT HTTP/1.1" 302 47
::ffff:172.19.0.1 - - [26/May/2025:20:29:51 +0000] "GET /profile?success=1 HTTP/1.1" 304 -
::ffff:172.19.0.1 - - [26/May/2025:20:29:52 +0000] "GET /profile HTTP/1.1" 304 -
::ffff:172.19.0.1 - - [26/May/2025:20:29:53 +0000] "DELETE /delete-user?_method=DELETE HTTP/1.1" 302 30
::ffff:172.19.0.1 - - [26/May/2025:20:29:53 +0000] "GET / HTTP/1.1" 304 -
::ffff:172.19.0.1 - - [26/May/2025:20:29:54 +0000] "GET /profile HTTP/1.1" 302 35
::ffff:172.19.0.1 - - [26/May/2025:20:29:54 +0000] "GET /login HTTP/1.1" 200 1518
::ffff:172.19.0.1 - - [26/May/2025:20:41:11 +0000] "GET /login HTTP/1.1" 304 -
::ffff:172.19.0.1 - - [26/May/2025:20:41:13 +0000] "GET / HTTP/1.1" 304 -
::ffff:172.19.0.1 - - [26/May/2025:20:41:14 +0000] "GET /input HTTP/1.1" 304 -
::ffff:172.19.0.1 - - [26/May/2025:20:41:14 +0000] "GET /text HTTP/1.1" 304 -
::ffff:172.19.0.1 - - [26/May/2025:20:41:15 +0000] "GET /login HTTP/1.1" 304 -
::ffff:172.20.0.1 - - [26/May/2025:21:37:07 +0000] "GET / HTTP/1.1" 304 -
172.20.0.1 - - [26/May/2025:21:50:03 +0000] "GET / HTTP/1.0" 304 -
172.20.0.1 - - [26/May/2025:21:50:04 +0000] "GET / HTTP/1.0" 304 -
172.20.0.1 - - [26/May/2025:21:50:05 +0000] "GET / HTTP/1.0" 304 -
172.20.0.1 - - [26/May/2025:21:50:06 +0000] "GET /text HTTP/1.0" 304 -
172.20.0.1 - - [26/May/2025:21:50:06 +0000] "GET /input HTTP/1.0" 304 -
172.20.0.1 - - [26/May/2025:21:50:07 +0000] "GET /input HTTP/1.0" 304 -
172.20.0.1 - - [26/May/2025:21:50:07 +0000] "GET /table HTTP/1.0" 304 -
172.20.0.1 - - [26/May/2025:21:50:08 +0000] "GET /profile HTTP/1.0" 302 35
172.20.0.1 - - [26/May/2025:21:50:08 +0000] "GET /login HTTP/1.0" 304 -
